App_Sample>>broker1>>server1>>SUCCESS>>1722939504152
BIP9332I<<Application 'App_Sample' has been created successfully. <<1722939504152
BIP9326I<<The source 'App_Sampleproject.generated.bar' has been successfully deployed. <<1722939504152
Demo>>broker2>>server2>>SUCCESS>>1722942105965
BIP9332I<<Application 'Demo' has been created successfully. <<1722942105965
BIP9326I<<The source 'Demoproject.generated.bar' has been successfully deployed. <<1722942105965
Demo>>broker2>>server2>>SUCCESS>>1722946178650
BIP9332I<<Application 'Demo' has been changed successfully. <<1722946178650
BIP9326I<<The source 'Demoproject.generated.bar' has been successfully deployed. <<1722946178650
Demo>>broker2>>server2>>SUCCESS>>1722946689081
BIP9332I<<Application 'Demo' has been changed successfully. <<1722946689081
BIP9326I<<The source 'Demoproject.generated.bar' has been successfully deployed. <<1722946689081
Simple_App>>>>TEST_SERVER1>>SUCCESS>>1722947418810
BIP9332I<<Application 'Simple_App' has been created successfully. <<1722947418810
BIP9326I<<The source 'Simple_Appproject.generated.bar' has been successfully deployed. <<1722947418810
Simple_App>>>>TEST_SERVER2>>SUCCESS>>1722947716294
BIP9332I<<Application 'Simple_App' has been created successfully. <<1722947716294
BIP9326I<<The source 'Simple_Appproject.generated.bar' has been successfully deployed. <<1722947716294
Simple_App>>broker2>>server2>>SUCCESS>>1722948029736
BIP9332I<<Application 'Simple_App' has been created successfully. <<1722948029736
BIP9326I<<The source 'Simple_Appproject.generated.bar' has been successfully deployed. <<1722948029736
Simple_App>>broker2>>server2>>SUCCESS>>1722948418799
BIP9332I<<Application 'Simple_App' has been changed successfully. <<1722948418799
BIP9326I<<The source 'Simple_Appproject.generated.bar' has been successfully deployed. <<1722948418799
Index>>broker3>>server3>>SUCCESS>>1723006976959
BIP9332I<<Application 'Index' has been created successfully. <<1723006976959
BIP9326I<<The source 'Indexproject.generated.bar' has been successfully deployed. <<1723006976959
Index>>broker3>>server3>>SUCCESS>>1723026704916
BIP9332I<<Application 'Index' has been changed successfully. <<1723026704916
BIP9326I<<The source 'Indexproject.generated.bar' has been successfully deployed. <<1723026704916
Index>>broker3>>server3>>SUCCESS>>1723027078605
BIP9332I<<Application 'Index' has been changed successfully. <<1723027078605
BIP9326I<<The source 'Indexproject.generated.bar' has been successfully deployed. <<1723027078605
Index>>broker3>>server3>>SUCCESS>>1723027334379
BIP9332I<<Application 'Index' has been changed successfully. <<1723027334379
BIP9326I<<The source 'Indexproject.generated.bar' has been successfully deployed. <<1723027334379
App_Sample>>broker3>>server3>>SUCCESS>>1723027554724
BIP9332I<<Application 'App_Sample' has been created successfully. <<1723027554724
BIP9326I<<The source 'App_Sampleproject.generated.bar' has been successfully deployed. <<1723027554724
App_Sample>>broker3>>server3>>SUCCESS>>1723028833336
BIP9332I<<Application 'App_Sample' has been changed successfully. <<1723028833336
BIP9326I<<The source 'App_Sampleproject.generated.bar' has been successfully deployed. <<1723028833336
Demo2>>broker4>>server4>>SUCCESS>>1723029665183
BIP9332I<<Application 'Demo2' has been created successfully. <<1723029665183
BIP9326I<<The source 'Demo2project.generated.bar' has been successfully deployed. <<1723029665183
Demo2>>broker4>>server4>>SUCCESS>>1723030197923
BIP9332I<<Application 'Demo2' has been changed successfully. <<1723030197923
BIP9326I<<The source 'Demo2project.generated.bar' has been successfully deployed. <<1723030197923
Demo2>>broker4>>server4>>SUCCESS>>1723032377737
BIP9332I<<Application 'Demo2' has been changed successfully. <<1723032377737
BIP9326I<<The source 'Demo2project.generated.bar' has been successfully deployed. <<1723032377737
Demo2>>broker4>>server4>>SUCCESS>>1723033592702
BIP9332I<<Application 'Demo2' has been changed successfully. <<1723033592702
BIP9326I<<The source 'Demo2project.generated.bar' has been successfully deployed. <<1723033592702
Simple_App>>broker4>>server4>>SUCCESS>>1723035709894
BIP9332I<<Application 'Simple_App' has been created successfully. <<1723035709894
BIP9326I<<The source 'Simple_Appproject.generated.bar' has been successfully deployed. <<1723035709894
Simple_App>>broker4>>server4>>SUCCESS>>1723036091569
BIP9332I<<Application 'Simple_App' has been changed successfully. <<1723036091569
BIP9326I<<The source 'Simple_Appproject.generated.bar' has been successfully deployed. <<1723036091569
App_Sample>>broker1>>server1>>SUCCESS>>1723036373815
BIP9332I<<Application 'App_Sample' has been changed successfully. <<1723036373815
BIP9326I<<The source 'App_Sampleproject.generated.bar' has been successfully deployed. <<1723036373815
App_Sample>>broker1>>server1>>SUCCESS>>1723037019328
BIP9332I<<Application 'App_Sample' has been changed successfully. <<1723037019328
BIP9326I<<The source 'App_Sampleproject.generated.bar' has been successfully deployed. <<1723037019328
App_Sample>>broker1>>server1>>SUCCESS>>1723037082265
BIP9332I<<Application 'App_Sample' has been changed successfully. <<1723037082265
BIP9326I<<The source 'App_Sampleproject.generated.bar' has been successfully deployed. <<1723037082265
App_Sample>>broker1>>server1>>SUCCESS>>1723037139662
BIP9332I<<Application 'App_Sample' has been changed successfully. <<1723037139662
BIP9326I<<The source 'App_Sampleproject.generated.bar' has been successfully deployed. <<1723037139662
App_Sample>>broker1>>server1>>SUCCESS>>1723037206529
BIP9332I<<Application 'App_Sample' has been changed successfully. <<1723037206529
BIP9326I<<The source 'App_Sampleproject.generated.bar' has been successfully deployed. <<1723037206529
App_Sample>>broker1>>server1>>SUCCESS>>1723037297982
BIP9332I<<Application 'App_Sample' has been changed successfully. <<1723037297982
BIP9326I<<The source 'App_Sampleproject.generated.bar' has been successfully deployed. <<1723037297982
App_Sample>>broker1>>server1>>SUCCESS>>1723037324942
BIP9332I<<Application 'App_Sample' has been changed successfully. <<1723037324942
BIP9326I<<The source 'App_Sampleproject.generated.bar' has been successfully deployed. <<1723037324942
Demo>>broker2>>server2>>SUCCESS>>1723093535559
BIP9332I<<Application 'Demo' has been created successfully. <<1723093535559
BIP9326I<<The source 'Demoproject.generated.bar' has been successfully deployed. <<1723093535559
Demo>>broker2>>server2>>SUCCESS>>1723093826232
BIP9332I<<Application 'Demo' has been changed successfully. <<1723093826232
BIP9326I<<The source 'Demoproject.generated.bar' has been successfully deployed. <<1723093826232
Demo>>broker2>>server2>>SUCCESS>>1723093939312
BIP9332I<<Application 'Demo' has been changed successfully. <<1723093939312
BIP9326I<<The source 'Demoproject.generated.bar' has been successfully deployed. <<1723093939312
hj>>broker2>>server2>>SUCCESS>>1723094296913
BIP9332I<<Application 'hj' has been created successfully. <<1723094296913
BIP9326I<<The source 'hjproject.generated.bar' has been successfully deployed. <<1723094296913
hj>>broker2>>server2>>SUCCESS>>1723095311091
BIP9332I<<Application 'hj' has been changed successfully. <<1723095311091
BIP9326I<<The source 'hjproject.generated.bar' has been successfully deployed. <<1723095311091
hj>>broker2>>server2>>SUCCESS>>1723096065636
BIP9332I<<Application 'hj' has been changed successfully. <<1723096065636
BIP9326I<<The source 'hjproject.generated.bar' has been successfully deployed. <<1723096065636
aa>>broker2>>server5>>SUCCESS>>1723096538671
BIP9332I<<Application 'aa' has been created successfully. <<1723096538671
BIP9326I<<The source 'aaproject.generated.bar' has been successfully deployed. <<1723096538671
aa>>broker2>>server5>>SUCCESS>>1723107315859
BIP9332I<<Application 'aa' has been changed successfully. <<1723107315859
BIP9326I<<The source 'aaproject.generated.bar' has been successfully deployed. <<1723107315859
aa>>broker2>>server5>>SUCCESS>>1723107993081
BIP9332I<<Application 'aa' has been changed successfully. <<1723107993081
BIP9326I<<The source 'aaproject.generated.bar' has been successfully deployed. <<1723107993081
aa>>broker2>>server5>>SUCCESS>>1723108761525
BIP9332I<<Application 'aa' has been changed successfully. <<1723108761525
BIP9326I<<The source 'aaproject.generated.bar' has been successfully deployed. <<1723108761525
aa>>broker2>>server5>>SUCCESS>>1723109227356
BIP9332I<<Application 'aa' has been changed successfully. <<1723109227356
BIP9326I<<The source 'aaproject.generated.bar' has been successfully deployed. <<1723109227356
aa>>broker2>>server5>>SUCCESS>>1723116129003
BIP9332I<<Application 'aa' has been changed successfully. <<1723116129003
BIP9326I<<The source 'aaproject.generated.bar' has been successfully deployed. <<1723116129003
aa>>broker2>>server5>>ERROR>>1723123444873
aa>>broker2>>server5>>SUCCESS>>1723183664217
BIP9332I<<Application 'aa' has been changed successfully. <<1723183664217
BIP9326I<<The source 'aaproject.generated.bar' has been successfully deployed. <<1723183664217
aa>>broker2>>server5>>SUCCESS>>1723183709889
BIP9332I<<Application 'aa' has been changed successfully. <<1723183709889
BIP9326I<<The source 'aaproject.generated.bar' has been successfully deployed. <<1723183709889
aa>>broker2>>server5>>SUCCESS>>1723184208890
BIP9332I<<Application 'aa' has been changed successfully. <<1723184208890
BIP9326I<<The source 'aaproject.generated.bar' has been successfully deployed. <<1723184208890
aa>>broker2>>server5>>ERROR>>1723198031536
aa>>broker2>>server5>>SUCCESS>>1723477697665
BIP9332I<<Application 'aa' has been created successfully. <<1723477697665
BIP9326I<<The source 'aaproject.generated.bar' has been successfully deployed. <<1723477697665
EX_MAPPING>>broker2>>server5>>SUCCESS>>1723498119513
BIP9332I<<Application 'EX_MAPPING' has been created successfully. <<1723498119513
BIP9326I<<The source 'EX_MAPPINGproject.generated.bar' has been successfully deployed. <<1723498119513
EX_MAPPING>>broker2>>server5>>SUCCESS>>1723498302367
BIP9332I<<Application 'EX_MAPPING' has been changed successfully. <<1723498302367
BIP9326I<<The source 'EX_MAPPINGproject.generated.bar' has been successfully deployed. <<1723498302367
EX_MAPPING>>broker2>>server5>>SUCCESS>>1723499577607
BIP9332I<<Application 'EX_MAPPING' has been changed successfully. <<1723499577607
BIP9326I<<The source 'EX_MAPPINGproject.generated.bar' has been successfully deployed. <<1723499577607
EX_MAPPING>>broker2>>server5>>SUCCESS>>1723499681228
BIP9332I<<Application 'EX_MAPPING' has been changed successfully. <<1723499681228
BIP9326I<<The source 'EX_MAPPINGproject.generated.bar' has been successfully deployed. <<1723499681228
EX_POLICY>>broker2>>server5>>SUCCESS>>1723500448761
BIP9332I<<PolicyProject 'EX_POLICY' has been created successfully. <<1723500448761
BIP9326I<<The source 'EX_POLICYproject.generated.bar' has been successfully deployed. <<1723500448761
EX_MAPPING>>broker2>>server5>>WARNING>>1723500457490
BIP9320E<<Message Flow 'EX_MAP', 'EX_MAP' encountered a failure and could not start. <<1723500457490
BIP2214E<<Invalid configuration message with no value for attribute 'channelName', object 'EX_MAP.MQ Output'. <<1723500457490
BIP9333W<<Application 'EX_MAPPING' has been changed but contains errors which has prevented some resources from starting. <<1723500457490
BIP1096E<<The source 'EX_MAPPINGproject.generated.bar' has been deployed but there were one or more failures which may mean the deployed resources will be unable to execute. <<1723500457490
EX_MAPPING>>broker2>>server5>>WARNING>>1723500592090
BIP9320E<<Message Flow 'EX_MAP', 'EX_MAP' encountered a failure and could not start. <<1723500592090
BIP2214E<<Invalid configuration message with no value for attribute 'channelName', object 'EX_MAP.MQ Output'. <<1723500592090
BIP9333W<<Application 'EX_MAPPING' has been changed but contains errors which has prevented some resources from starting. <<1723500592090
BIP1096E<<The source 'EX_MAPPINGproject.generated.bar' has been deployed but there were one or more failures which may mean the deployed resources will be unable to execute. <<1723500592090
EX_MAPPING>>broker2>>server5>>WARNING>>1723500770767
BIP1361E<<Message flow node 'MQ Output', 'EX_MAP#FCMComposite_1_2' in Message flow 'EX_MAP', 'EX_MAP' requires Policy '{EX_POLICY}:POLICY' of type 'MQEndpoint' which is not deployed. <<1723500770767
BIP1096E<<The source 'EX_MAPPINGproject.generated.bar' has been deployed but there were one or more failures which may mean the deployed resources will be unable to execute. <<1723500770767
EX_POLICY>>broker2>>server5>>SUCCESS>>1723500866377
BIP9332I<<PolicyProject 'EX_POLICY' has been created successfully. <<1723500866377
BIP9326I<<The source 'EX_POLICYproject.generated.bar' has been successfully deployed. <<1723500866377
EX_MAPPING>>broker2>>server5>>SUCCESS>>1723500872526
BIP9332I<<Application 'EX_MAPPING' has been created successfully. <<1723500872526
BIP9326I<<The source 'EX_MAPPINGproject.generated.bar' has been successfully deployed. <<1723500872526
EX_MAPPING>>broker2>>server5>>SUCCESS>>1723501024113
BIP9332I<<Application 'EX_MAPPING' has been changed successfully. <<1723501024113
BIP9326I<<The source 'EX_MAPPINGproject.generated.bar' has been successfully deployed. <<1723501024113
EX_MAPPING>>broker2>>server5>>SUCCESS>>1723501357634
BIP9332I<<Application 'EX_MAPPING' has been changed successfully. <<1723501357634
BIP9326I<<The source 'EX_MAPPINGproject.generated.bar' has been successfully deployed. <<1723501357634
EX_POLICY>>broker2>>server5>>SUCCESS>>1723504183416
BIP9332I<<PolicyProject 'EX_POLICY' has been created successfully. <<1723504183416
BIP9326I<<The source 'EX_POLICYproject.generated.bar' has been successfully deployed. <<1723504183416
EX_MAPPING>>broker2>>server5>>SUCCESS>>1723504193323
BIP9332I<<Application 'EX_MAPPING' has been created successfully. <<1723504193323
BIP9326I<<The source 'EX_MAPPINGproject.generated.bar' has been successfully deployed. <<1723504193323
SS>>broker3>>server3>>SUCCESS>>1723567086545
BIP9332I<<Application 'SS' has been created successfully. <<1723567086545
BIP9326I<<The source 'SSproject.generated.bar' has been successfully deployed. <<1723567086545
PQR>>broker3>>server3>>SUCCESS>>1723567748633
BIP9332I<<PolicyProject 'PQR' has been created successfully. <<1723567748633
BIP9326I<<The source 'PQRproject.generated.bar' has been successfully deployed. <<1723567748633
SS>>broker3>>server3>>SUCCESS>>1723567759289
BIP9332I<<Application 'SS' has been created successfully. <<1723567759289
BIP9326I<<The source 'SSproject.generated.bar' has been successfully deployed. <<1723567759289
aa>>broker3>>server3>>SUCCESS>>1723583279534
BIP9332I<<Application 'aa' has been created successfully. <<1723583279534
BIP9326I<<The source 'aaproject.generated.bar' has been successfully deployed. <<1723583279534
aa>>broker3>>server3>>SUCCESS>>1723583366205
BIP9332I<<Application 'aa' has been changed successfully. <<1723583366205
BIP9326I<<The source 'aaproject.generated.bar' has been successfully deployed. <<1723583366205
aa>>broker3>>server3>>SUCCESS>>1723583409268
BIP9332I<<Application 'aa' has been created successfully. <<1723583409268
BIP9326I<<The source 'aaproject.generated.bar' has been successfully deployed. <<1723583409268
FileNode>>broker3>>server3>>SUCCESS>>1724090068635
BIP9332I<<Application 'FileNode' has been created successfully. <<1724090068635
BIP9326I<<The source 'FileNodeproject.generated.bar' has been successfully deployed. <<1724090068635
FileNode>>broker3>>server3>>SUCCESS>>1724090237134
BIP9332I<<Application 'FileNode' has been changed successfully. <<1724090237134
BIP9326I<<The source 'FileNodeproject.generated.bar' has been successfully deployed. <<1724090237134
FileNode>>broker3>>server3>>SUCCESS>>1724091243076
BIP9332I<<Application 'FileNode' has been created successfully. <<1724091243076
BIP9326I<<The source 'FileNodeproject.generated.bar' has been successfully deployed. <<1724091243076
FileNode>>broker3>>server3>>SUCCESS>>1724091884926
BIP9332I<<Application 'FileNode' has been changed successfully. <<1724091884926
BIP9326I<<The source 'FileNodeproject.generated.bar' has been successfully deployed. <<1724091884926
OverRideFileNode>>broker3>>server3>>SUCCESS>>1724101761497
BIP9332I<<Application 'OverRideFileNode' has been created successfully. <<1724101761497
BIP9326I<<The source 'OverRideFileNodeproject.generated.bar' has been successfully deployed. <<1724101761497
OverRideFileNode>>broker3>>server3>>SUCCESS>>1724101903982
BIP9332I<<Application 'OverRideFileNode' has been changed successfully. <<1724101903982
BIP9326I<<The source 'OverRideFileNodeproject.generated.bar' has been successfully deployed. <<1724101903982
OverRideFileNode>>broker3>>server3>>SUCCESS>>1724102025903
BIP9332I<<Application 'OverRideFileNode' has been changed successfully. <<1724102025903
BIP9326I<<The source 'OverRideFileNodeproject.generated.bar' has been successfully deployed. <<1724102025903
OverRideFileNode>>broker3>>server3>>SUCCESS>>1724102117340
BIP9332I<<Application 'OverRideFileNode' has been changed successfully. <<1724102117340
BIP9326I<<The source 'OverRideFileNodeproject.generated.bar' has been successfully deployed. <<1724102117340
OverRideFileNode>>broker3>>server3>>SUCCESS>>1724102510216
BIP9332I<<Application 'OverRideFileNode' has been changed successfully. <<1724102510216
BIP9326I<<The source 'OverRideFileNodeproject.generated.bar' has been successfully deployed. <<1724102510216
RemoteFileNode>>broker3>>server3>>SUCCESS>>1724104332279
BIP9332I<<Application 'RemoteFileNode' has been created successfully. <<1724104332279
BIP9326I<<The source 'RemoteFileNodeproject.generated.bar' has been successfully deployed. <<1724104332279
RemoteFileNode>>broker3>>server3>>SUCCESS>>1724104414842
BIP9332I<<Application 'RemoteFileNode' has been changed successfully. <<1724104414842
BIP9326I<<The source 'RemoteFileNodeproject.generated.bar' has been successfully deployed. <<1724104414842
RemoteFileNode>>broker3>>server3>>SUCCESS>>1724104562391
BIP9332I<<Application 'RemoteFileNode' has been created successfully. <<1724104562391
BIP9326I<<The source 'RemoteFileNodeproject.generated.bar' has been successfully deployed. <<1724104562391
OverRideFileNode>>broker3>>server3>>SUCCESS>>1724104937843
BIP9332I<<Application 'OverRideFileNode' has been created successfully. <<1724104937843
BIP9326I<<The source 'OverRideFileNodeproject.generated.bar' has been successfully deployed. <<1724104937843
OverRideFileNode>>broker3>>server3>>SUCCESS>>1724105108093
BIP9332I<<Application 'OverRideFileNode' has been changed successfully. <<1724105108093
BIP9326I<<The source 'OverRideFileNodeproject.generated.bar' has been successfully deployed. <<1724105108093
Over>>broker3>>server3>>SUCCESS>>1724109524296
BIP9332I<<Application 'Over' has been created successfully. <<1724109524296
BIP9326I<<The source 'Overproject.generated.bar' has been successfully deployed. <<1724109524296
Over>>broker3>>server3>>SUCCESS>>1724109662064
BIP9332I<<Application 'Over' has been changed successfully. <<1724109662064
BIP9326I<<The source 'Overproject.generated.bar' has been successfully deployed. <<1724109662064
Over>>broker3>>server3>>SUCCESS>>1724109747749
BIP9332I<<Application 'Over' has been changed successfully. <<1724109747749
BIP9326I<<The source 'Overproject.generated.bar' has been successfully deployed. <<1724109747749
RemoteFileNode>>broker1>>server1>>WARNING>>1724170266281
BIP9320E<<Message Flow 'RemoteMSGFlow', 'RemoteMSGFlow' encountered a failure and could not start. <<1724170266281
BIP3386W<<File node 'File Output' in message flow 'RemoteMSGFlow'. The remote user identifier supplied as 'myidentity' is invalid. <<1724170266281
BIP9333W<<Application 'RemoteFileNode' has been created but contains errors which has prevented some resources from starting. <<1724170266281
BIP1096E<<The source 'RemoteFileNodeproject.generated.bar' has been deployed but there were one or more failures which may mean the deployed resources will be unable to execute. <<1724170266281
XYZ>>broker1>>server1>>SUCCESS>>1724171773119
BIP9332I<<Application 'XYZ' has been created successfully. <<1724171773119
BIP9326I<<The source 'XYZproject.generated.bar' has been successfully deployed. <<1724171773119
XYZ>>broker1>>server1>>SUCCESS>>1724171787056
BIP9332I<<Application 'XYZ' has been changed successfully. <<1724171787056
BIP9326I<<The source 'XYZproject.generated.bar' has been successfully deployed. <<1724171787056
XYZ>>broker1>>server1>>SUCCESS>>1724172099030
BIP9332I<<Application 'XYZ' has been changed successfully. <<1724172099030
BIP9326I<<The source 'XYZproject.generated.bar' has been successfully deployed. <<1724172099030
XYZ>>broker1>>server1>>SUCCESS>>1724172202968
BIP9332I<<Application 'XYZ' has been created successfully. <<1724172202968
BIP9326I<<The source 'XYZproject.generated.bar' has been successfully deployed. <<1724172202968
XYZ>>broker1>>server1>>SUCCESS>>1724172516843
BIP9332I<<Application 'XYZ' has been created successfully. <<1724172516843
BIP9326I<<The source 'XYZproject.generated.bar' has been successfully deployed. <<1724172516843
XYZ>>broker1>>server1>>SUCCESS>>1724175654217
BIP9332I<<Application 'XYZ' has been changed successfully. <<1724175654217
BIP9326I<<The source 'XYZproject.generated.bar' has been successfully deployed. <<1724175654217
XYZ>>broker1>>server1>>SUCCESS>>1724177010046
BIP9332I<<Application 'XYZ' has been changed successfully. <<1724177010046
BIP9326I<<The source 'XYZproject.generated.bar' has been successfully deployed. <<1724177010046
XYZ>>broker1>>server1>>SUCCESS>>1724177218390
BIP9332I<<Application 'XYZ' has been created successfully. <<1724177218390
BIP9326I<<The source 'XYZproject.generated.bar' has been successfully deployed. <<1724177218390
ReadNode>>broker1>>server1>>SUCCESS>>1724187356953
BIP9332I<<Application 'ReadNode' has been created successfully. <<1724187356953
BIP9326I<<The source 'ReadNodeproject.generated.bar' has been successfully deployed. <<1724187356953
ReadNode>>broker1>>server1>>SUCCESS>>1724187446905
BIP9332I<<Application 'ReadNode' has been changed successfully. <<1724187446905
BIP9326I<<The source 'ReadNodeproject.generated.bar' has been successfully deployed. <<1724187446905
ReadNode>>broker1>>server1>>SUCCESS>>1724187553627
BIP9332I<<Application 'ReadNode' has been changed successfully. <<1724187553627
BIP9326I<<The source 'ReadNodeproject.generated.bar' has been successfully deployed. <<1724187553627
ODBC_connection>>broker1>>server1>>SUCCESS>>1724195773784
BIP9332I<<Application 'ODBC_connection' has been created successfully. <<1724195773784
BIP9326I<<The source 'ODBC_connectionproject.generated.bar' has been successfully deployed. <<1724195773784
ODBC_connection>>broker1>>server1>>SUCCESS>>1724198500768
BIP9332I<<Application 'ODBC_connection' has been changed successfully. <<1724198500768
BIP9326I<<The source 'ODBC_connectionproject.generated.bar' has been successfully deployed. <<1724198500768
ODBC_connection>>broker1>>server1>>SUCCESS>>1724198729815
BIP9332I<<Application 'ODBC_connection' has been changed successfully. <<1724198729815
BIP9326I<<The source 'ODBC_connectionproject.generated.bar' has been successfully deployed. <<1724198729815
ODBC_connection>>broker1>>server1>>ERROR>>1724199771771
ODBC_connection>>broker1>>server1>>SUCCESS>>1724256117872
BIP9332I<<Application 'ODBC_connection' has been created successfully. <<1724256117872
BIP9326I<<The source 'ODBC_connectionproject.generated.bar' has been successfully deployed. <<1724256117872
ODBC_connection>>broker1>>server1>>SUCCESS>>1724256499810
BIP9332I<<Application 'ODBC_connection' has been changed successfully. <<1724256499810
BIP9326I<<The source 'ODBC_connectionproject.generated.bar' has been successfully deployed. <<1724256499810
ODBC_connection>>broker1>>server1>>SUCCESS>>1724256869438
BIP9332I<<Application 'ODBC_connection' has been changed successfully. <<1724256869438
BIP9326I<<The source 'ODBC_connectionproject.generated.bar' has been successfully deployed. <<1724256869438
ODBC_connection>>broker1>>server1>>SUCCESS>>1724257224150
BIP9332I<<Application 'ODBC_connection' has been changed successfully. <<1724257224150
BIP9326I<<The source 'ODBC_connectionproject.generated.bar' has been successfully deployed. <<1724257224150
ODBC_connection>>broker1>>server1>>SUCCESS>>1724258357783
BIP9332I<<Application 'ODBC_connection' has been changed successfully. <<1724258357783
BIP9326I<<The source 'ODBC_connectionproject.generated.bar' has been successfully deployed. <<1724258357783
ODBC_connection>>broker1>>server1>>SUCCESS>>1724258852809
BIP9332I<<Application 'ODBC_connection' has been changed successfully. <<1724258852809
BIP9326I<<The source 'ODBC_connectionproject.generated.bar' has been successfully deployed. <<1724258852809
ODBC_CON>>broker1>>server1>>SUCCESS>>1724259612939
BIP9332I<<Application 'ODBC_CON' has been created successfully. <<1724259612939
BIP9326I<<The source 'ODBC_CONproject.generated.bar' has been successfully deployed. <<1724259612939
ODBC_CON>>broker1>>server1>>SUCCESS>>1724260295077
BIP9332I<<Application 'ODBC_CON' has been created successfully. <<1724260295077
BIP9326I<<The source 'ODBC_CONproject.generated.bar' has been successfully deployed. <<1724260295077
ODBC_CON>>broker1>>server1>>SUCCESS>>1724260390440
BIP9332I<<Application 'ODBC_CON' has been changed successfully. <<1724260390440
BIP9326I<<The source 'ODBC_CONproject.generated.bar' has been successfully deployed. <<1724260390440
ODBC_C>>broker1>>server1>>WARNING>>1724261201894
BIP9318E<<Request to 'PreSetupValidate' resource 'ODBC_C', 'ODBC_C' of type 'Application' failed. <<1724261201894
BIP2432E<<(.ODBC_FLOW_Compute.Main, 7.8) : The correlation name 'setStatement' is not valid. Those in scope are: Environment, InputLocalEnvironment, OutputLocalEnvironment, InputRoot, InputBody, InputProperties, OutputRoot, InputExceptionList, OutputExceptionList, InputDestinationList, OutputDestinationList, sqlStatement. <<1724261201894
BIP9333W<<Application 'ODBC_C' has been created but contains errors which has prevented some resources from starting. <<1724261201894
BIP1096E<<The source 'ODBC_Cproject.generated.bar' has been deployed but there were one or more failures which may mean the deployed resources will be unable to execute. <<1724261201894
ODBC_C>>broker1>>server1>>SUCCESS>>1724261273342
BIP9332I<<Application 'ODBC_C' has been changed successfully. <<1724261273342
BIP9326I<<The source 'ODBC_Cproject.generated.bar' has been successfully deployed. <<1724261273342
ODBC_C>>broker1>>server1>>SUCCESS>>1724263036745
BIP9332I<<Application 'ODBC_C' has been changed successfully. <<1724263036745
BIP9326I<<The source 'ODBC_Cproject.generated.bar' has been successfully deployed. <<1724263036745
ODBC_C>>broker1>>server1>>SUCCESS>>1724263356937
BIP9332I<<Application 'ODBC_C' has been changed successfully. <<1724263356937
BIP9326I<<The source 'ODBC_Cproject.generated.bar' has been successfully deployed. <<1724263356937
ODBC_C>>broker1>>server1>>SUCCESS>>1724263404809
BIP9332I<<Application 'ODBC_C' has been changed successfully. <<1724263404809
BIP9326I<<The source 'ODBC_Cproject.generated.bar' has been successfully deployed. <<1724263404809
ODBC_C>>broker1>>server1>>SUCCESS>>1724263640451
BIP9332I<<Application 'ODBC_C' has been changed successfully. <<1724263640451
BIP9326I<<The source 'ODBC_Cproject.generated.bar' has been successfully deployed. <<1724263640451
ODBC_C>>broker1>>server1>>SUCCESS>>1724263753099
BIP9332I<<Application 'ODBC_C' has been changed successfully. <<1724263753099
BIP9326I<<The source 'ODBC_Cproject.generated.bar' has been successfully deployed. <<1724263753099
ODBC_C>>broker1>>server1>>SUCCESS>>1724263868449
BIP9332I<<Application 'ODBC_C' has been changed successfully. <<1724263868449
BIP9326I<<The source 'ODBC_Cproject.generated.bar' has been successfully deployed. <<1724263868449
ODBC_C>>broker1>>server1>>SUCCESS>>1724263935304
BIP9332I<<Application 'ODBC_C' has been changed successfully. <<1724263935304
BIP9326I<<The source 'ODBC_Cproject.generated.bar' has been successfully deployed. <<1724263935304
ODBC>>broker1>>server1>>SUCCESS>>1724264649541
BIP9332I<<Application 'ODBC' has been created successfully. <<1724264649541
BIP9326I<<The source 'ODBCproject.generated.bar' has been successfully deployed. <<1724264649541
ODBC>>broker1>>server1>>SUCCESS>>1724270420816
BIP9332I<<Application 'ODBC' has been changed successfully. <<1724270420816
BIP9326I<<The source 'ODBCproject.generated.bar' has been successfully deployed. <<1724270420816
ODBC>>broker1>>server1>>SUCCESS>>1724271543895
BIP9332I<<Application 'ODBC' has been changed successfully. <<1724271543895
BIP9326I<<The source 'ODBCproject.generated.bar' has been successfully deployed. <<1724271543895
ODBC>>broker1>>server1>>SUCCESS>>1724271846690
BIP9332I<<Application 'ODBC' has been changed successfully. <<1724271846690
BIP9326I<<The source 'ODBCproject.generated.bar' has been successfully deployed. <<1724271846690
ODBC>>broker1>>server1>>SUCCESS>>1724274224633
BIP9332I<<Application 'ODBC' has been changed successfully. <<1724274224633
BIP9326I<<The source 'ODBCproject.generated.bar' has been successfully deployed. <<1724274224633
ODBC>>broker1>>server1>>SUCCESS>>1724274284763
BIP9332I<<Application 'ODBC' has been changed successfully. <<1724274284763
BIP9326I<<The source 'ODBCproject.generated.bar' has been successfully deployed. <<1724274284763
Procedures>>broker1>>server1>>SUCCESS>>1724276819002
BIP9332I<<Application 'Procedures' has been created successfully. <<1724276819002
BIP9326I<<The source 'Proceduresproject.generated.bar' has been successfully deployed. <<1724276819002
Procedures>>broker1>>server1>>SUCCESS>>1724278171437
BIP9332I<<Application 'Procedures' has been created successfully. <<1724278171437
BIP9326I<<The source 'Proceduresproject.generated.bar' has been successfully deployed. <<1724278171437
Procedures>>broker1>>server1>>SUCCESS>>1724278212212
BIP9332I<<Application 'Procedures' has been changed successfully. <<1724278212212
BIP9326I<<The source 'Proceduresproject.generated.bar' has been successfully deployed. <<1724278212212
Procedures>>broker1>>server1>>SUCCESS>>1724278504879
BIP9332I<<Application 'Procedures' has been created successfully. <<1724278504879
BIP9326I<<The source 'Proceduresproject.generated.bar' has been successfully deployed. <<1724278504879
Procedures>>broker1>>server1>>SUCCESS>>1724279066882
BIP9332I<<Application 'Procedures' has been changed successfully. <<1724279066882
BIP9326I<<The source 'Proceduresproject.generated.bar' has been successfully deployed. <<1724279066882
Procedures>>broker1>>server1>>SUCCESS>>1724282279639
BIP9332I<<Application 'Procedures' has been changed successfully. <<1724282279639
BIP9326I<<The source 'Proceduresproject.generated.bar' has been successfully deployed. <<1724282279639
Procedures>>broker1>>server1>>SUCCESS>>1724282620814
BIP9332I<<Application 'Procedures' has been created successfully. <<1724282620814
BIP9326I<<The source 'Proceduresproject.generated.bar' has been successfully deployed. <<1724282620814
Procedures>>broker1>>server1>>SUCCESS>>1724282788430
BIP9332I<<Application 'Procedures' has been changed successfully. <<1724282788430
BIP9326I<<The source 'Proceduresproject.generated.bar' has been successfully deployed. <<1724282788430
Procedures>>broker1>>server1>>SUCCESS>>1724282829559
BIP9332I<<Application 'Procedures' has been changed successfully. <<1724282829559
BIP9326I<<The source 'Proceduresproject.generated.bar' has been successfully deployed. <<1724282829559
two>>broker1>>server1>>SUCCESS>>1724286325907
BIP9332I<<Application 'two' has been created successfully. <<1724286325907
BIP9326I<<The source 'twoproject.generated.bar' has been successfully deployed. <<1724286325907
EX_Procedure>>broker1>>server1>>SUCCESS>>1724343368010
BIP9332I<<Application 'EX_Procedure' has been created successfully. <<1724343368010
BIP9326I<<The source 'EX_Procedureproject.generated.bar' has been successfully deployed. <<1724343368010
EX_Procedure>>broker1>>server1>>SUCCESS>>1724343823827
BIP9332I<<Application 'EX_Procedure' has been changed successfully. <<1724343823827
BIP9326I<<The source 'EX_Procedureproject.generated.bar' has been successfully deployed. <<1724343823827
Procedures>>broker1>>server1>>SUCCESS>>1724343895311
BIP9332I<<Application 'Procedures' has been created successfully. <<1724343895311
BIP9326I<<The source 'Proceduresproject.generated.bar' has been successfully deployed. <<1724343895311
Procedures>>broker1>>server1>>SUCCESS>>1724345294279
BIP9332I<<Application 'Procedures' has been changed successfully. <<1724345294279
BIP9326I<<The source 'Proceduresproject.generated.bar' has been successfully deployed. <<1724345294279
EX_Procedure>>broker1>>server1>>SUCCESS>>1724348111595
BIP9332I<<Application 'EX_Procedure' has been created successfully. <<1724348111595
BIP9326I<<The source 'EX_Procedureproject.generated.bar' has been successfully deployed. <<1724348111595
Procedure_Update>>broker1>>server1>>SUCCESS>>1724355221817
BIP9332I<<Application 'Procedure_Update' has been created successfully. <<1724355221817
BIP9326I<<The source 'Procedure_Updateproject.generated.bar' has been successfully deployed. <<1724355221817
Procedure_Update>>broker1>>server1>>SUCCESS>>1724355508723
BIP9332I<<Application 'Procedure_Update' has been changed successfully. <<1724355508723
BIP9326I<<The source 'Procedure_Updateproject.generated.bar' has been successfully deployed. <<1724355508723
Procedure_Update>>broker1>>server1>>SUCCESS>>1724355571688
BIP9332I<<Application 'Procedure_Update' has been changed successfully. <<1724355571688
BIP9326I<<The source 'Procedure_Updateproject.generated.bar' has been successfully deployed. <<1724355571688
Procedure_Update>>broker1>>server1>>SUCCESS>>1724355644687
BIP9332I<<Application 'Procedure_Update' has been changed successfully. <<1724355644687
BIP9326I<<The source 'Procedure_Updateproject.generated.bar' has been successfully deployed. <<1724355644687
HTTP_Consumer>>broker1>>server1>>SUCCESS>>1724359204933
BIP9332I<<Application 'HTTP_Consumer' has been created successfully. <<1724359204933
BIP9326I<<The source 'HTTP_Consumerproject.generated.bar' has been successfully deployed. <<1724359204933
HTTP_Provider>>broker1>>server1>>SUCCESS>>1724359212659
BIP9332I<<Application 'HTTP_Provider' has been created successfully. <<1724359212659
BIP9326I<<The source 'HTTP_Providerproject.generated.bar' has been successfully deployed. <<1724359212659
HTTP_Consumer>>broker1>>server1>>SUCCESS>>1724359411429
BIP9332I<<Application 'HTTP_Consumer' has been changed successfully. <<1724359411429
BIP9326I<<The source 'HTTP_Consumerproject.generated.bar' has been successfully deployed. <<1724359411429
HTTP_Provider>>broker1>>server1>>SUCCESS>>1724359420919
BIP9332I<<Application 'HTTP_Provider' has been changed successfully. <<1724359420919
BIP9326I<<The source 'HTTP_Providerproject.generated.bar' has been successfully deployed. <<1724359420919
HTTP_Consumer>>broker1>>server1>>SUCCESS>>1724359524236
BIP9332I<<Application 'HTTP_Consumer' has been changed successfully. <<1724359524236
BIP9326I<<The source 'HTTP_Consumerproject.generated.bar' has been successfully deployed. <<1724359524236
HTTP_Provider>>broker1>>server1>>SUCCESS>>1724359532503
BIP9332I<<Application 'HTTP_Provider' has been changed successfully. <<1724359532503
BIP9326I<<The source 'HTTP_Providerproject.generated.bar' has been successfully deployed. <<1724359532503
HTTP_Consumer>>broker1>>server1>>SUCCESS>>1724359698571
BIP9332I<<Application 'HTTP_Consumer' has been changed successfully. <<1724359698571
BIP9326I<<The source 'HTTP_Consumerproject.generated.bar' has been successfully deployed. <<1724359698571
HTTP_Provider>>broker1>>server1>>SUCCESS>>1724359707602
BIP9332I<<Application 'HTTP_Provider' has been changed successfully. <<1724359707602
BIP9326I<<The source 'HTTP_Providerproject.generated.bar' has been successfully deployed. <<1724359707602
HTTP_Consumer>>broker1>>server1>>SUCCESS>>1724361100274
BIP9332I<<Application 'HTTP_Consumer' has been changed successfully. <<1724361100274
BIP9326I<<The source 'HTTP_Consumerproject.generated.bar' has been successfully deployed. <<1724361100274
HTTP_Provider>>broker1>>server1>>SUCCESS>>1724361110687
BIP9332I<<Application 'HTTP_Provider' has been changed successfully. <<1724361110687
BIP9326I<<The source 'HTTP_Providerproject.generated.bar' has been successfully deployed. <<1724361110687
HTTP_Consumer>>broker1>>server1>>SUCCESS>>1724362242639
BIP9332I<<Application 'HTTP_Consumer' has been changed successfully. <<1724362242639
BIP9326I<<The source 'HTTP_Consumerproject.generated.bar' has been successfully deployed. <<1724362242639
HTTP_Provider>>broker1>>server1>>SUCCESS>>1724362253453
BIP9332I<<Application 'HTTP_Provider' has been changed successfully. <<1724362253453
BIP9326I<<The source 'HTTP_Providerproject.generated.bar' has been successfully deployed. <<1724362253453
Procedure_Update>>broker1>>server1>>SUCCESS>>1724365275603
BIP9332I<<Application 'Procedure_Update' has been created successfully. <<1724365275603
BIP9326I<<The source 'Procedure_Updateproject.generated.bar' has been successfully deployed. <<1724365275603
Storad>>broker1>>server1>>SUCCESS>>1724369265771
BIP9332I<<Application 'Storad' has been created successfully. <<1724369265771
BIP9326I<<The source 'Storadproject.generated.bar' has been successfully deployed. <<1724369265771
Storad>>broker1>>server1>>SUCCESS>>1724369413937
BIP9332I<<Application 'Storad' has been changed successfully. <<1724369413937
BIP9326I<<The source 'Storadproject.generated.bar' has been successfully deployed. <<1724369413937
Storad>>broker1>>server1>>SUCCESS>>1724369512463
BIP9332I<<Application 'Storad' has been changed successfully. <<1724369512463
BIP9326I<<The source 'Storadproject.generated.bar' has been successfully deployed. <<1724369512463
Storad>>broker1>>server1>>SUCCESS>>1724370025225
BIP9332I<<Application 'Storad' has been changed successfully. <<1724370025225
BIP9326I<<The source 'Storadproject.generated.bar' has been successfully deployed. <<1724370025225
Sting>>broker1>>server1>>WARNING>>1724372127273
BIP9318E<<Request to 'PreSetupValidate' resource 'Sting', 'Sting' of type 'Application' failed. <<1724372127273
BIP2432E<<(.String_flow_Compute.CopyEntireMessage, 2.38) : The correlation name 'Test1' is not valid. Those in scope are: Environment, InputLocalEnvironment, OutputLocalEnvironment, InputRoot, InputBody, InputProperties, OutputRoot, InputExceptionList, OutputExceptionList, InputDestinationList, OutputDestinationList. <<1724372127273
BIP9333W<<Application 'Sting' has been created but contains errors which has prevented some resources from starting. <<1724372127273
BIP1096E<<The source 'Stingproject.generated.bar' has been deployed but there were one or more failures which may mean the deployed resources will be unable to execute. <<1724372127273
Sting>>broker1>>server1>>SUCCESS>>1724372175084
BIP9332I<<Application 'Sting' has been changed successfully. <<1724372175084
BIP9326I<<The source 'Stingproject.generated.bar' has been successfully deployed. <<1724372175084
Sting>>broker1>>server1>>SUCCESS>>1724372315396
BIP9332I<<Application 'Sting' has been changed successfully. <<1724372315396
BIP9326I<<The source 'Stingproject.generated.bar' has been successfully deployed. <<1724372315396
Sting>>broker1>>server1>>SUCCESS>>1724372523265
BIP9332I<<Application 'Sting' has been changed successfully. <<1724372523265
BIP9326I<<The source 'Stingproject.generated.bar' has been successfully deployed. <<1724372523265
Sting>>broker1>>server1>>SUCCESS>>1724429122474
BIP9332I<<Application 'Sting' has been changed successfully. <<1724429122474
BIP9326I<<The source 'Stingproject.generated.bar' has been successfully deployed. <<1724429122474
SOAP>>broker1>>server1>>SUCCESS>>1724528922985
BIP9332I<<Application 'SOAP' has been created successfully. <<1724528922985
BIP9326I<<The source 'SOAPproject.generated.bar' has been successfully deployed. <<1724528922985
SOAP_U>>broker1>>server1>>SUCCESS>>1724529917716
BIP9332I<<Application 'SOAP_U' has been created successfully. <<1724529917716
BIP9326I<<The source 'SOAP_Uproject.generated.bar' has been successfully deployed. <<1724529917716
SOAP_U>>broker1>>server1>>SUCCESS>>1724529928348
BIP9332I<<Application 'SOAP_U' has been changed successfully. <<1724529928348
BIP9326I<<The source 'SOAP_Uproject.generated.bar' has been successfully deployed. <<1724529928348
SOAP_UU>>broker1>>server1>>SUCCESS>>1724534907083
BIP9332I<<Application 'SOAP_UU' has been created successfully. <<1724534907083
BIP9326I<<The source 'SOAP_UUproject.generated.bar' has been successfully deployed. <<1724534907083
HTTP_ASY>>broker1>>server1>>SUCCESS>>1724536545916
BIP9332I<<Application 'HTTP_ASY' has been created successfully. <<1724536545916
BIP9326I<<The source 'HTTP_ASYproject.generated.bar' has been successfully deployed. <<1724536545916
HTTP_ASY>>broker1>>server1>>SUCCESS>>1724537170659
BIP9332I<<Application 'HTTP_ASY' has been changed successfully. <<1724537170659
BIP9326I<<The source 'HTTP_ASYproject.generated.bar' has been successfully deployed. <<1724537170659
HTTP_ASY>>broker1>>server1>>SUCCESS>>1724537751115
BIP9332I<<Application 'HTTP_ASY' has been created successfully. <<1724537751115
BIP9326I<<The source 'HTTP_ASYproject.generated.bar' has been successfully deployed. <<1724537751115
HTTP_ASY>>broker1>>server1>>SUCCESS>>1724537990669
BIP9332I<<Application 'HTTP_ASY' has been created successfully. <<1724537990669
BIP9326I<<The source 'HTTP_ASYproject.generated.bar' has been successfully deployed. <<1724537990669
HTTP_ASY_2>>broker1>>server1>>SUCCESS>>1724537998742
BIP9332I<<Application 'HTTP_ASY_2' has been created successfully. <<1724537998742
BIP9326I<<The source 'HTTP_ASY_2project.generated.bar' has been successfully deployed. <<1724537998742
HTTP_ASY>>broker1>>server1>>SUCCESS>>1724538094487
BIP9332I<<Application 'HTTP_ASY' has been changed successfully. <<1724538094487
BIP9326I<<The source 'HTTP_ASYproject.generated.bar' has been successfully deployed. <<1724538094487
HTTP_ASY>>broker1>>server1>>SUCCESS>>1724538252630
BIP9332I<<Application 'HTTP_ASY' has been changed successfully. <<1724538252630
BIP9326I<<The source 'HTTP_ASYproject.generated.bar' has been successfully deployed. <<1724538252630
HTTP_ASY_2>>broker1>>server1>>SUCCESS>>1724538264389
BIP9332I<<Application 'HTTP_ASY_2' has been changed successfully. <<1724538264389
BIP9326I<<The source 'HTTP_ASY_2project.generated.bar' has been successfully deployed. <<1724538264389
HTTP_ASY>>broker1>>server1>>SUCCESS>>1724538338448
BIP9332I<<Application 'HTTP_ASY' has been changed successfully. <<1724538338448
BIP9326I<<The source 'HTTP_ASYproject.generated.bar' has been successfully deployed. <<1724538338448
For_Policy>>broker1>>server1>>WARNING>>1724543464834
BIP1361E<<Message flow node 'MQ Output', 'For_Policy_Flow#FCMComposite_1_3' in Message flow 'For_Policy_Flow', 'For_Policy_Flow' requires Policy '{hi_policy}:yooo' of type 'MQEndpoint' which is not deployed. <<1724543464834
BIP1096E<<The source 'For_Policyproject.generated.bar' has been deployed but there were one or more failures which may mean the deployed resources will be unable to execute. <<1724543464834
hi_policy>>broker1>>server1>>SUCCESS>>1724543514993
BIP9332I<<PolicyProject 'hi_policy' has been created successfully. <<1724543514993
BIP9332I<<Application 'For_Policy' has been reloaded successfully. <<1724543514993
BIP9326I<<The source 'hi_policyproject.generated.bar' has been successfully deployed. <<1724543514993
hi_policy>>broker1>>server1>>SUCCESS>>1724543527585
BIP9339W<<The values defined in the policy(s) 'yooo' in policy project 'hi_policy' match the values of the existing policy(s). Any deployed resources using the policy(s) will not be affected by the redeploy of the policy project. <<1724543527585
BIP9326I<<The source 'hi_policyproject.generated.bar' has been successfully deployed. <<1724543527585
SOAP>>broker1>>server1>>SUCCESS>>1724688782915
BIP9332I<<Application 'SOAP' has been created successfully. <<1724688782915
BIP9326I<<The source 'SOAPproject.generated.bar' has been successfully deployed. <<1724688782915
SOAP>>broker1>>server1>>SUCCESS>>1724689206119
BIP9332I<<Application 'SOAP' has been changed successfully. <<1724689206119
BIP9326I<<The source 'SOAPproject.generated.bar' has been successfully deployed. <<1724689206119
EX_MAPPING>>broker1>>server1>>WARNING>>1725570110335
BIP1361E<<Message flow node 'MQ Output', 'EX_MAP#FCMComposite_1_2' in Message flow 'EX_MAP', 'EX_MAP' requires Policy '{EX_POLICY}:POLICY' of type 'MQEndpoint' which is not deployed. <<1725570110335
BIP1096E<<The source 'EX_MAPPINGproject.generated.bar' has been deployed but there were one or more failures which may mean the deployed resources will be unable to execute. <<1725570110335
hi_policy>>broker1>>server1>>SUCCESS>>1725570140882
BIP9332I<<PolicyProject 'hi_policy' has been created successfully. <<1725570140882
BIP9326I<<The source 'hi_policyproject.generated.bar' has been successfully deployed. <<1725570140882
EX_MAPPING>>broker1>>server1>>WARNING>>1725570159553
BIP1361E<<Message flow node 'MQ Output', 'EX_MAP#FCMComposite_1_2' in Message flow 'EX_MAP', 'EX_MAP' requires Policy '{EX_POLICY}:POLICY' of type 'MQEndpoint' which is not deployed. <<1725570159553
BIP1096E<<The source 'EX_MAPPINGproject.generated.bar' has been deployed but there were one or more failures which may mean the deployed resources will be unable to execute. <<1725570159553
MQ_Persistance>>broker2>>server2>>SUCCESS>>1729142648904
BIP9332I<<Application 'MQ_Persistance' has been created successfully. <<1729142648904
BIP9326I<<The source 'MQ_Persistanceproject.generated.bar' has been successfully deployed. <<1729142648904
MQ_Persistance>>broker2>>server2>>SUCCESS>>1729142760309
BIP9332I<<Application 'MQ_Persistance' has been changed successfully. <<1729142760309
BIP9326I<<The source 'MQ_Persistanceproject.generated.bar' has been successfully deployed. <<1729142760309
MQ_Persistance>>broker2>>server2>>SUCCESS>>1729142816064
BIP9332I<<Application 'MQ_Persistance' has been created successfully. <<1729142816064
BIP9326I<<The source 'MQ_Persistanceproject.generated.bar' has been successfully deployed. <<1729142816064
MQ_Persistance>>broker2>>server2>>SUCCESS>>1729143184083
BIP9332I<<Application 'MQ_Persistance' has been changed successfully. <<1729143184083
BIP9326I<<The source 'MQ_Persistanceproject.generated.bar' has been successfully deployed. <<1729143184083
MQ_Persistance>>broker2>>server2>>SUCCESS>>1729143575324
BIP9332I<<Application 'MQ_Persistance' has been changed successfully. <<1729143575324
BIP9326I<<The source 'MQ_Persistanceproject.generated.bar' has been successfully deployed. <<1729143575324
MQ_Persistance>>broker2>>server2>>SUCCESS>>1729143776314
BIP9332I<<Application 'MQ_Persistance' has been changed successfully. <<1729143776314
BIP9326I<<The source 'MQ_Persistanceproject.generated.bar' has been successfully deployed. <<1729143776314
MQ_Persistance>>broker2>>server2>>SUCCESS>>1729144674336
BIP9332I<<Application 'MQ_Persistance' has been changed successfully. <<1729144674336
BIP9326I<<The source 'MQ_Persistanceproject.generated.bar' has been successfully deployed. <<1729144674336
MQ_Persistance>>broker2>>server2>>SUCCESS>>1729155769656
BIP9332I<<Application 'MQ_Persistance' has been changed successfully. <<1729155769656
BIP9326I<<The source 'MQ_Persistanceproject.generated.bar' has been successfully deployed. <<1729155769656
MQ_Persistance>>broker2>>server2>>SUCCESS>>1729155861232
BIP9332I<<Application 'MQ_Persistance' has been created successfully. <<1729155861232
BIP9326I<<The source 'MQ_Persistanceproject.generated.bar' has been successfully deployed. <<1729155861232
Task_Query_Parameter>>broker1>>server1>>SUCCESS>>1730698135281
BIP9332I<<Application 'Task_Query_Parameter' has been created successfully. <<1730698135281
BIP9326I<<The source 'Task_Query_Parameterproject.generated.bar' has been successfully deployed. <<1730698135281
Task_Query_Parameter>>broker1>>server1>>WARNING>>1730698621426
BIP4125E<<Failed to load ESQL file 'C:/ProgramData/IBM/MQSI/components/broker1/servers/server1/run/Task_Query_Parameter/Task_Query_Parameter_Flow_Compute.esql'. <<1730698621426
BIP2401E<<(.Task_Query_Parameter_Flow_Compute.CopyEntireMessage, 3.7) : Syntax error : expected ';' but found 'OutputRoot'. <<1730698621426
BIP9320E<<Message Flow 'Task_Query_Parameter_Flow', 'Task_Query_Parameter_Flow' encountered a failure and could not start. <<1730698621426
BIP4001E<<Syntax error in SQL statements in node '{0}'. <<1730698621426
BIP4127E<<Failed to find ESQL module 'Task_Query_Parameter_Flow_Compute'. <<1730698621426
BIP9333W<<Application 'Task_Query_Parameter' has been changed but contains errors which has prevented some resources from starting. <<1730698621426
BIP1096E<<The source 'Task_Query_Parameterproject.generated.bar' has been deployed but there were one or more failures which may mean the deployed resources will be unable to execute. <<1730698621426
Task_Query_Parameter>>broker1>>server1>>SUCCESS>>1730698650402
BIP9332I<<Application 'Task_Query_Parameter' has been changed successfully. <<1730698650402
BIP9326I<<The source 'Task_Query_Parameterproject.generated.bar' has been successfully deployed. <<1730698650402
Task_Query_Parameter>>broker1>>server1>>SUCCESS>>1730699043990
BIP9332I<<Application 'Task_Query_Parameter' has been changed successfully. <<1730699043990
BIP9326I<<The source 'Task_Query_Parameterproject.generated.bar' has been successfully deployed. <<1730699043990
Task_Query_Parameter>>broker1>>server1>>SUCCESS>>1730699071277
BIP9332I<<Application 'Task_Query_Parameter' has been changed successfully. <<1730699071277
BIP9326I<<The source 'Task_Query_Parameterproject.generated.bar' has been successfully deployed. <<1730699071277
Task_Query_Parameter>>broker1>>server1>>WARNING>>1730699411935
BIP4125E<<Failed to load ESQL file 'C:/ProgramData/IBM/MQSI/components/broker1/servers/server1/run/Task_Query_Parameter/Task_Query_Parameter_Flow_Compute.esql'. <<1730699411935
BIP2401E<<(.Task_Query_Parameter_Flow_Compute.CopyEntireMessage, 6.30) : Syntax error : expected 'END' but found 's'. <<1730699411935
BIP9320E<<Message Flow 'Task_Query_Parameter_Flow', 'Task_Query_Parameter_Flow' encountered a failure and could not start. <<1730699411935
BIP4001E<<Syntax error in SQL statements in node '{0}'. <<1730699411935
BIP4127E<<Failed to find ESQL module 'Task_Query_Parameter_Flow_Compute'. <<1730699411935
BIP9333W<<Application 'Task_Query_Parameter' has been changed but contains errors which has prevented some resources from starting. <<1730699411935
BIP1096E<<The source 'Task_Query_Parameterproject.generated.bar' has been deployed but there were one or more failures which may mean the deployed resources will be unable to execute. <<1730699411935
Task_Query_Parameter>>broker1>>server1>>WARNING>>1730699428188
BIP9318E<<Request to 'PreSetupValidate' resource 'Task_Query_Parameter', 'Task_Query_Parameter' of type 'Application' failed. <<1730699428188
BIP2432E<<(.Task_Query_Parameter_Flow_Compute.CopyEntireMessage, 2.28) : The correlation name 'LocalEnvironment.HTTP.Input.QueryString.ID' is not valid. Those in scope are: Environment, InputLocalEnvironment, OutputLocalEnvironment, InputRoot, InputBody, InputProperties, OutputRoot, InputExceptionList, OutputExceptionList, InputDestinationList, OutputDestinationList, QID. <<1730699428188
BIP9333W<<Application 'Task_Query_Parameter' has been changed but contains errors which has prevented some resources from starting. <<1730699428188
BIP1096E<<The source 'Task_Query_Parameterproject.generated.bar' has been deployed but there were one or more failures which may mean the deployed resources will be unable to execute. <<1730699428188
Task_Query_Parameter>>broker1>>server1>>SUCCESS>>1730699457528
BIP9332I<<Application 'Task_Query_Parameter' has been created successfully. <<1730699457528
BIP9326I<<The source 'Task_Query_Parameterproject.generated.bar' has been successfully deployed. <<1730699457528
Task_Query_Parameter>>broker1>>server1>>SUCCESS>>1730699637237
BIP9332I<<Application 'Task_Query_Parameter' has been changed successfully. <<1730699637237
BIP9326I<<The source 'Task_Query_Parameterproject.generated.bar' has been successfully deployed. <<1730699637237
Task_Query_Parameter>>broker1>>server1>>SUCCESS>>1730699882020
BIP9332I<<Application 'Task_Query_Parameter' has been changed successfully. <<1730699882020
BIP9326I<<The source 'Task_Query_Parameterproject.generated.bar' has been successfully deployed. <<1730699882020
Task_Query_Parameter>>broker1>>server1>>SUCCESS>>1730700084207
BIP9332I<<Application 'Task_Query_Parameter' has been changed successfully. <<1730700084207
BIP9326I<<The source 'Task_Query_Parameterproject.generated.bar' has been successfully deployed. <<1730700084207
Task_Query_Parameter>>broker1>>server1>>SUCCESS>>1730700181527
BIP9332I<<Application 'Task_Query_Parameter' has been changed successfully. <<1730700181527
BIP9326I<<The source 'Task_Query_Parameterproject.generated.bar' has been successfully deployed. <<1730700181527
Task_Query_Parameter>>broker1>>server1>>SUCCESS>>1730700313116
BIP9332I<<Application 'Task_Query_Parameter' has been changed successfully. <<1730700313116
BIP9326I<<The source 'Task_Query_Parameterproject.generated.bar' has been successfully deployed. <<1730700313116
Task_Query_Parameter>>broker1>>server1>>SUCCESS>>1730700358233
BIP9332I<<Application 'Task_Query_Parameter' has been changed successfully. <<1730700358233
BIP9326I<<The source 'Task_Query_Parameterproject.generated.bar' has been successfully deployed. <<1730700358233
Task_Query_Parameter>>broker1>>server1>>SUCCESS>>1730700441706
BIP9332I<<Application 'Task_Query_Parameter' has been changed successfully. <<1730700441706
BIP9326I<<The source 'Task_Query_Parameterproject.generated.bar' has been successfully deployed. <<1730700441706
Task_Http_MQ>>broker1>>server1>>SUCCESS>>1730713154428
BIP9332I<<Application 'Task_Http_MQ' has been created successfully. <<1730713154428
BIP9326I<<The source 'Task_Http_MQproject.generated.bar' has been successfully deployed. <<1730713154428
Task_Http_MQ>>broker1>>server1>>SUCCESS>>1730713412652
BIP9332I<<Application 'Task_Http_MQ' has been changed successfully. <<1730713412652
BIP9326I<<The source 'Task_Http_MQproject.generated.bar' has been successfully deployed. <<1730713412652
Task_Http_MQ>>broker1>>server1>>SUCCESS>>1730713504956
BIP9332I<<Application 'Task_Http_MQ' has been changed successfully. <<1730713504956
BIP9326I<<The source 'Task_Http_MQproject.generated.bar' has been successfully deployed. <<1730713504956
Task_Http_MQ>>broker1>>server1>>SUCCESS>>1730715967867
BIP9332I<<Application 'Task_Http_MQ' has been created successfully. <<1730715967867
BIP9326I<<The source 'Task_Http_MQproject.generated.bar' has been successfully deployed. <<1730715967867
Task_Http_MQ>>broker1>>server1>>SUCCESS>>1730716335260
BIP9332I<<Application 'Task_Http_MQ' has been changed successfully. <<1730716335260
BIP9326I<<The source 'Task_Http_MQproject.generated.bar' has been successfully deployed. <<1730716335260
Task_Http_MQ>>broker1>>server1>>SUCCESS>>1730716408158
BIP9332I<<Application 'Task_Http_MQ' has been changed successfully. <<1730716408158
BIP9326I<<The source 'Task_Http_MQproject.generated.bar' has been successfully deployed. <<1730716408158
Task_Http_MQ>>broker1>>server1>>SUCCESS>>1730716485599
BIP9332I<<Application 'Task_Http_MQ' has been changed successfully. <<1730716485599
BIP9326I<<The source 'Task_Http_MQproject.generated.bar' has been successfully deployed. <<1730716485599
Task_Http_MQ>>broker1>>server1>>SUCCESS>>1730716579241
BIP9332I<<Application 'Task_Http_MQ' has been changed successfully. <<1730716579241
BIP9326I<<The source 'Task_Http_MQproject.generated.bar' has been successfully deployed. <<1730716579241
Task_Http_MQ>>broker1>>server1>>SUCCESS>>1730716635036
BIP9332I<<Application 'Task_Http_MQ' has been changed successfully. <<1730716635036
BIP9326I<<The source 'Task_Http_MQproject.generated.bar' has been successfully deployed. <<1730716635036
Task_Http_MQ>>broker1>>server1>>WARNING>>1730717000466
BIP9318E<<Request to 'PreSetupValidate' resource 'Task_Http_MQ', 'Task_Http_MQ' of type 'Application' failed. <<1730717000466
BIP2492E<<(.Task_Http_MQ_2_Flow_Compute.CopyEntireMessage, 4.25) : Illegal type for parameter '1' of the function 'ASBITSTREAM'. A non-list field reference is required. <<1730717000466
BIP9333W<<Application 'Task_Http_MQ' has been created but contains errors which has prevented some resources from starting. <<1730717000466
BIP1096E<<The source 'Task_Http_MQproject.generated.bar' has been deployed but there were one or more failures which may mean the deployed resources will be unable to execute. <<1730717000466
Task_Http_MQ>>broker1>>server1>>WARNING>>1730717032919
BIP9318E<<Request to 'PreSetupValidate' resource 'Task_Http_MQ', 'Task_Http_MQ' of type 'Application' failed. <<1730717032919
BIP2492E<<(.Task_Http_MQ_2_Flow_Compute.CopyEntireMessage, 4.25) : Illegal type for parameter '1' of the function 'ASBITSTREAM'. A non-list field reference is required. <<1730717032919
BIP9333W<<Application 'Task_Http_MQ' has been changed but contains errors which has prevented some resources from starting. <<1730717032919
BIP1096E<<The source 'Task_Http_MQproject.generated.bar' has been deployed but there were one or more failures which may mean the deployed resources will be unable to execute. <<1730717032919
Task_Http_MQ>>broker1>>server1>>SUCCESS>>1730717060299
BIP9332I<<Application 'Task_Http_MQ' has been changed successfully. <<1730717060299
BIP9326I<<The source 'Task_Http_MQproject.generated.bar' has been successfully deployed. <<1730717060299
Task_Http_MQ>>broker1>>server1>>WARNING>>1730717233816
BIP9318E<<Request to 'PreSetupValidate' resource 'Task_Http_MQ', 'Task_Http_MQ' of type 'Application' failed. <<1730717233816
BIP2492E<<(.Task_Http_MQ_2_Flow_Compute.CopyEntireMessage, 4.25) : Illegal type for parameter '1' of the function 'ASBITSTREAM'. A non-list field reference is required. <<1730717233816
BIP9333W<<Application 'Task_Http_MQ' has been changed but contains errors which has prevented some resources from starting. <<1730717233816
BIP1096E<<The source 'Task_Http_MQproject.generated.bar' has been deployed but there were one or more failures which may mean the deployed resources will be unable to execute. <<1730717233816
Task_Http_MQ>>broker1>>server1>>SUCCESS>>1730717357189
BIP9332I<<Application 'Task_Http_MQ' has been created successfully. <<1730717357189
BIP9326I<<The source 'Task_Http_MQproject.generated.bar' has been successfully deployed. <<1730717357189
Task_Http_MQ>>broker1>>server1>>SUCCESS>>1730717423754
BIP9332I<<Application 'Task_Http_MQ' has been changed successfully. <<1730717423754
BIP9326I<<The source 'Task_Http_MQproject.generated.bar' has been successfully deployed. <<1730717423754
Task_Http_MQ>>broker1>>server1>>SUCCESS>>1730717525649
BIP9332I<<Application 'Task_Http_MQ' has been changed successfully. <<1730717525649
BIP9326I<<The source 'Task_Http_MQproject.generated.bar' has been successfully deployed. <<1730717525649
Task_Http_MQ>>broker1>>server1>>SUCCESS>>1730717604089
BIP9332I<<Application 'Task_Http_MQ' has been created successfully. <<1730717604089
BIP9326I<<The source 'Task_Http_MQproject.generated.bar' has been successfully deployed. <<1730717604089
Task_Http_MQ>>broker1>>server1>>SUCCESS>>1730717663303
BIP9332I<<Application 'Task_Http_MQ' has been changed successfully. <<1730717663303
BIP9326I<<The source 'Task_Http_MQproject.generated.bar' has been successfully deployed. <<1730717663303
Task_Http_MQ>>broker1>>server1>>SUCCESS>>1730718272508
BIP9332I<<Application 'Task_Http_MQ' has been changed successfully. <<1730718272508
BIP9326I<<The source 'Task_Http_MQproject.generated.bar' has been successfully deployed. <<1730718272508
Task_Http_MQ>>broker1>>server1>>SUCCESS>>1730718390724
BIP9332I<<Application 'Task_Http_MQ' has been changed successfully. <<1730718390724
BIP9326I<<The source 'Task_Http_MQproject.generated.bar' has been successfully deployed. <<1730718390724
Task_Http_MQ>>broker1>>server1>>SUCCESS>>1730718593008
BIP9332I<<Application 'Task_Http_MQ' has been changed successfully. <<1730718593008
BIP9326I<<The source 'Task_Http_MQproject.generated.bar' has been successfully deployed. <<1730718593008
Task_Http_MQ>>broker1>>server1>>SUCCESS>>1730718749410
BIP9332I<<Application 'Task_Http_MQ' has been created successfully. <<1730718749410
BIP9326I<<The source 'Task_Http_MQproject.generated.bar' has been successfully deployed. <<1730718749410
Task_Http_MQ>>broker1>>server1>>SUCCESS>>1730718847930
BIP9332I<<Application 'Task_Http_MQ' has been changed successfully. <<1730718847930
BIP9326I<<The source 'Task_Http_MQproject.generated.bar' has been successfully deployed. <<1730718847930
Task_Http_MQ>>broker1>>server1>>SUCCESS>>1730718984035
BIP9332I<<Application 'Task_Http_MQ' has been created successfully. <<1730718984035
BIP9326I<<The source 'Task_Http_MQproject.generated.bar' has been successfully deployed. <<1730718984035
Task_DBLogging_MQ>>broker1>>server1>>SUCCESS>>1730787283711
BIP9332I<<Application 'Task_DBLogging_MQ' has been created successfully. <<1730787283711
BIP9326I<<The source 'Task_DBLogging_MQproject.generated.bar' has been successfully deployed. <<1730787283711
Task_DBLogging_MQ>>broker1>>server1>>SUCCESS>>1730787576004
BIP9332I<<Application 'Task_DBLogging_MQ' has been changed successfully. <<1730787576004
BIP9326I<<The source 'Task_DBLogging_MQproject.generated.bar' has been successfully deployed. <<1730787576004
Task_DBLogging_MQ>>broker1>>server1>>SUCCESS>>1730787639380
BIP9332I<<Application 'Task_DBLogging_MQ' has been changed successfully. <<1730787639380
BIP9326I<<The source 'Task_DBLogging_MQproject.generated.bar' has been successfully deployed. <<1730787639380
Task_DBLogging_MQ>>broker1>>server1>>SUCCESS>>1730788623380
BIP9332I<<Application 'Task_DBLogging_MQ' has been changed successfully. <<1730788623380
BIP9326I<<The source 'Task_DBLogging_MQproject.generated.bar' has been successfully deployed. <<1730788623380
Task_DBLogging_MQ>>broker1>>server1>>SUCCESS>>1730788933580
BIP9332I<<Application 'Task_DBLogging_MQ' has been changed successfully. <<1730788933580
BIP9326I<<The source 'Task_DBLogging_MQproject.generated.bar' has been successfully deployed. <<1730788933580
Task_DBLogging_MQ>>broker1>>server1>>SUCCESS>>1730789157833
BIP9332I<<Application 'Task_DBLogging_MQ' has been changed successfully. <<1730789157833
BIP9326I<<The source 'Task_DBLogging_MQproject.generated.bar' has been successfully deployed. <<1730789157833
Task_DBLogging_MQ>>broker1>>server1>>SUCCESS>>1730789289917
BIP9332I<<Application 'Task_DBLogging_MQ' has been changed successfully. <<1730789289917
BIP9326I<<The source 'Task_DBLogging_MQproject.generated.bar' has been successfully deployed. <<1730789289917
Task_DBLogging_MQ>>broker1>>server1>>SUCCESS>>1730789537366
BIP9332I<<Application 'Task_DBLogging_MQ' has been changed successfully. <<1730789537366
BIP9326I<<The source 'Task_DBLogging_MQproject.generated.bar' has been successfully deployed. <<1730789537366
Task_DBLogging_MQ>>broker1>>server1>>WARNING>>1730804660786
BIP9320E<<Message Flow 'Second_Flow', 'Second_Flow' encountered a failure and could not start. <<1730804660786
BIP4001E<<Syntax error in SQL statements in node '{0}'. <<1730804660786
BIP4127E<<Failed to find ESQL module 'Second_Flow_Database'. <<1730804660786
BIP9333W<<Application 'Task_DBLogging_MQ' has been changed but contains errors which has prevented some resources from starting. <<1730804660786
BIP1096E<<The source 'Task_DBLogging_MQproject.generated.bar' has been deployed but there were one or more failures which may mean the deployed resources will be unable to execute. <<1730804660786
Task_DBLogging_MQ>>broker1>>server1>>SUCCESS>>1730804728889
BIP9332I<<Application 'Task_DBLogging_MQ' has been changed successfully. <<1730804728889
BIP9326I<<The source 'Task_DBLogging_MQproject.generated.bar' has been successfully deployed. <<1730804728889
Task_DBLogging_MQ>>broker1>>server1>>SUCCESS>>1730804931858
BIP9332I<<Application 'Task_DBLogging_MQ' has been changed successfully. <<1730804931858
BIP9326I<<The source 'Task_DBLogging_MQproject.generated.bar' has been successfully deployed. <<1730804931858
Task_DBLogging_MQ>>broker1>>server1>>WARNING>>1730804993748
BIP9318E<<Request to 'PreSetupValidate' resource 'Task_DBLogging_MQ', 'Task_DBLogging_MQ' of type 'Application' failed. <<1730804993748
BIP2432E<<(.Task_DBLogging_MQ_Flow_Compute.CopyEntireMessage, 31.48) : The correlation name 'inref.PAYLOAD' is not valid. Those in scope are: Environment, InputLocalEnvironment, OutputLocalEnvironment, InputRoot, InputBody, InputProperties, OutputRoot, InputExceptionList, OutputExceptionList, InputDestinationList, OutputDestinationList, id. <<1730804993748
BIP9333W<<Application 'Task_DBLogging_MQ' has been changed but contains errors which has prevented some resources from starting. <<1730804993748
BIP1096E<<The source 'Task_DBLogging_MQproject.generated.bar' has been deployed but there were one or more failures which may mean the deployed resources will be unable to execute. <<1730804993748
Task_DBLogging_MQ>>broker1>>server1>>SUCCESS>>1730805119988
BIP9332I<<Application 'Task_DBLogging_MQ' has been changed successfully. <<1730805119988
BIP9326I<<The source 'Task_DBLogging_MQproject.generated.bar' has been successfully deployed. <<1730805119988
Task_DBLogging_MQ>>broker1>>server1>>SUCCESS>>1730805198245
BIP9332I<<Application 'Task_DBLogging_MQ' has been changed successfully. <<1730805198245
BIP9326I<<The source 'Task_DBLogging_MQproject.generated.bar' has been successfully deployed. <<1730805198245
Task_DBLogging_MQ>>broker1>>server1>>SUCCESS>>1730806141126
BIP9332I<<Application 'Task_DBLogging_MQ' has been changed successfully. <<1730806141126
BIP9326I<<The source 'Task_DBLogging_MQproject.generated.bar' has been successfully deployed. <<1730806141126
Task_DBLogging_MQ>>broker1>>server1>>SUCCESS>>1730808590057
BIP9332I<<Application 'Task_DBLogging_MQ' has been changed successfully. <<1730808590057
BIP9326I<<The source 'Task_DBLogging_MQproject.generated.bar' has been successfully deployed. <<1730808590057
Task_DBLogging_MQ>>broker1>>server1>>SUCCESS>>1730808927457
BIP9332I<<Application 'Task_DBLogging_MQ' has been changed successfully. <<1730808927457
BIP9326I<<The source 'Task_DBLogging_MQproject.generated.bar' has been successfully deployed. <<1730808927457
Task_DBLogging_MQ>>broker1>>server1>>SUCCESS>>1730809632424
BIP9332I<<Application 'Task_DBLogging_MQ' has been changed successfully. <<1730809632424
BIP9326I<<The source 'Task_DBLogging_MQproject.generated.bar' has been successfully deployed. <<1730809632424
Task_DBLogging_MQ>>broker1>>server1>>SUCCESS>>1730810375513
BIP9332I<<Application 'Task_DBLogging_MQ' has been changed successfully. <<1730810375513
BIP9326I<<The source 'Task_DBLogging_MQproject.generated.bar' has been successfully deployed. <<1730810375513
Task_DBLogging_MQ>>broker1>>server1>>SUCCESS>>1730812761904
BIP9332I<<Application 'Task_DBLogging_MQ' has been changed successfully. <<1730812761904
BIP9326I<<The source 'Task_DBLogging_MQproject.generated.bar' has been successfully deployed. <<1730812761904
Task_DBLogging_MQ>>broker1>>server1>>SUCCESS>>1730812872215
BIP9332I<<Application 'Task_DBLogging_MQ' has been changed successfully. <<1730812872215
BIP9326I<<The source 'Task_DBLogging_MQproject.generated.bar' has been successfully deployed. <<1730812872215
Task_DBLogging_MQ>>broker1>>server1>>SUCCESS>>1730813532498
BIP9332I<<Application 'Task_DBLogging_MQ' has been changed successfully. <<1730813532498
BIP9326I<<The source 'Task_DBLogging_MQproject.generated.bar' has been successfully deployed. <<1730813532498
Sample_App>>broker1>>server1>>SUCCESS>>1730871347263
BIP9332I<<Application 'Sample_App' has been created successfully. <<1730871347263
BIP9326I<<The source 'Sample_Appproject.generated.bar' has been successfully deployed. <<1730871347263
Sample_App>>broker1>>server1>>SUCCESS>>1730871418916
BIP9332I<<Application 'Sample_App' has been changed successfully. <<1730871418916
BIP9326I<<The source 'Sample_Appproject.generated.bar' has been successfully deployed. <<1730871418916
Sample_App>>broker1>>server1>>SUCCESS>>1730871519611
BIP9332I<<Application 'Sample_App' has been changed successfully. <<1730871519611
BIP9326I<<The source 'Sample_Appproject.generated.bar' has been successfully deployed. <<1730871519611
Sample_App>>broker1>>server1>>SUCCESS>>1730871578500
BIP9332I<<Application 'Sample_App' has been changed successfully. <<1730871578500
BIP9326I<<The source 'Sample_Appproject.generated.bar' has been successfully deployed. <<1730871578500
Sample_App>>broker1>>server1>>SUCCESS>>1730871628752
BIP9332I<<Application 'Sample_App' has been changed successfully. <<1730871628752
BIP9326I<<The source 'Sample_Appproject.generated.bar' has been successfully deployed. <<1730871628752
Task_Timestamp>>broker1>>server1>>SUCCESS>>1730875958834
BIP9332I<<Application 'Task_Timestamp' has been created successfully. <<1730875958834
BIP9326I<<The source 'Task_Timestampproject.generated.bar' has been successfully deployed. <<1730875958834
Task_Timestamp>>broker1>>server1>>SUCCESS>>1730876160179
BIP9332I<<Application 'Task_Timestamp' has been changed successfully. <<1730876160179
BIP9326I<<The source 'Task_Timestampproject.generated.bar' has been successfully deployed. <<1730876160179
Task_Timestamp>>broker1>>server1>>SUCCESS>>1730876273912
BIP9332I<<Application 'Task_Timestamp' has been changed successfully. <<1730876273912
BIP9326I<<The source 'Task_Timestampproject.generated.bar' has been successfully deployed. <<1730876273912
Task_Timestamp>>broker1>>server1>>SUCCESS>>1730876317892
BIP9332I<<Application 'Task_Timestamp' has been changed successfully. <<1730876317892
BIP9326I<<The source 'Task_Timestampproject.generated.bar' has been successfully deployed. <<1730876317892
Task_Timestamp>>broker1>>server1>>SUCCESS>>1730876376249
BIP9332I<<Application 'Task_Timestamp' has been changed successfully. <<1730876376249
BIP9326I<<The source 'Task_Timestampproject.generated.bar' has been successfully deployed. <<1730876376249
Task_Timestamp>>broker1>>server1>>SUCCESS>>1730876554693
BIP9332I<<Application 'Task_Timestamp' has been changed successfully. <<1730876554693
BIP9326I<<The source 'Task_Timestampproject.generated.bar' has been successfully deployed. <<1730876554693
Task_Timestamp>>broker1>>server1>>SUCCESS>>1730876619881
BIP9332I<<Application 'Task_Timestamp' has been changed successfully. <<1730876619881
BIP9326I<<The source 'Task_Timestampproject.generated.bar' has been successfully deployed. <<1730876619881
Task_Timestamp>>broker1>>server1>>SUCCESS>>1730876657877
BIP9332I<<Application 'Task_Timestamp' has been changed successfully. <<1730876657877
BIP9326I<<The source 'Task_Timestampproject.generated.bar' has been successfully deployed. <<1730876657877
Task_Timestamp>>broker1>>server1>>SUCCESS>>1730876709827
BIP9332I<<Application 'Task_Timestamp' has been changed successfully. <<1730876709827
BIP9326I<<The source 'Task_Timestampproject.generated.bar' has been successfully deployed. <<1730876709827
Task_Timestamp>>broker1>>server1>>SUCCESS>>1730876828717
BIP9332I<<Application 'Task_Timestamp' has been changed successfully. <<1730876828717
BIP9326I<<The source 'Task_Timestampproject.generated.bar' has been successfully deployed. <<1730876828717
Task_Timestamp>>broker1>>server1>>SUCCESS>>1730877101647
BIP9332I<<Application 'Task_Timestamp' has been changed successfully. <<1730877101647
BIP9326I<<The source 'Task_Timestampproject.generated.bar' has been successfully deployed. <<1730877101647
Task_Timestamp>>broker1>>server1>>SUCCESS>>1730877803178
BIP9332I<<Application 'Task_Timestamp' has been changed successfully. <<1730877803178
BIP9326I<<The source 'Task_Timestampproject.generated.bar' has been successfully deployed. <<1730877803178
Task_Timestamp>>broker1>>server1>>SUCCESS>>1730877859233
BIP9332I<<Application 'Task_Timestamp' has been changed successfully. <<1730877859233
BIP9326I<<The source 'Task_Timestampproject.generated.bar' has been successfully deployed. <<1730877859233
Task_DBLogging_MQ>>broker1>>server1>>SUCCESS>>1730878143942
BIP9332I<<Application 'Task_DBLogging_MQ' has been created successfully. <<1730878143942
BIP9326I<<The source 'Task_DBLogging_MQproject.generated.bar' has been successfully deployed. <<1730878143942
Task_DBLogging_MQ>>broker1>>server1>>SUCCESS>>1730882707554
BIP9332I<<Application 'Task_DBLogging_MQ' has been changed successfully. <<1730882707554
BIP9326I<<The source 'Task_DBLogging_MQproject.generated.bar' has been successfully deployed. <<1730882707554
Task_DBLogging_MQ>>broker1>>server1>>SUCCESS>>1730882927258
BIP9332I<<Application 'Task_DBLogging_MQ' has been changed successfully. <<1730882927258
BIP9326I<<The source 'Task_DBLogging_MQproject.generated.bar' has been successfully deployed. <<1730882927258
Task_Timestamp>>broker1>>server1>>SUCCESS>>1730887532897
BIP9332I<<Application 'Task_Timestamp' has been created successfully. <<1730887532897
BIP9326I<<The source 'Task_Timestampproject.generated.bar' has been successfully deployed. <<1730887532897
