Demo>>>>TEST_SERVER>>SUCCESS>>1733432986446
BIP9332I<<Application 'Demo' has been created successfully. <<1733432986446
BIP9326I<<The source 'Demoproject.generated.bar' has been successfully deployed. <<1733432986446
Demo>>>>TEST_SERVER>>SUCCESS>>1733433063733
BIP9332I<<Application 'Demo' has been changed successfully. <<1733433063733
BIP9326I<<The source 'Demoproject.generated.bar' has been successfully deployed. <<1733433063733
Demo>>>>TEST_SERVER>>SUCCESS>>1733433127966
BIP9332I<<Application 'Demo' has been changed successfully. <<1733433127966
BIP9326I<<The source 'Demoproject.generated.bar' has been successfully deployed. <<1733433127966
Demo>>>>TEST_SERVER>>SUCCESS>>1733433191379
BIP9332I<<Application 'Demo' has been changed successfully. <<1733433191379
BIP9326I<<The source 'Demoproject.generated.bar' has been successfully deployed. <<1733433191379
Demo>>>>TEST_SERVER>>SUCCESS>>1733433276073
BIP9332I<<Application 'Demo' has been changed successfully. <<1733433276073
BIP9326I<<The source 'Demoproject.generated.bar' has been successfully deployed. <<1733433276073
Demo>>>>TEST_SERVER>>SUCCESS>>1733434245987
BIP9332I<<Application 'Demo' has been changed successfully. <<1733434245987
BIP9326I<<The source 'Demoproject.generated.bar' has been successfully deployed. <<1733434245987
Demo>>>>TEST_SERVER>>SUCCESS>>1733434342377
BIP9332I<<Application 'Demo' has been changed successfully. <<1733434342377
BIP9326I<<The source 'Demoproject.generated.bar' has been successfully deployed. <<1733434342377
Demo>>>>TEST_SERVER>>SUCCESS>>1733434476780
BIP9332I<<Application 'Demo' has been changed successfully. <<1733434476780
BIP9326I<<The source 'Demoproject.generated.bar' has been successfully deployed. <<1733434476780
Demo>>>>TEST_SERVER>>SUCCESS>>1733434552766
BIP9332I<<Application 'Demo' has been changed successfully. <<1733434552766
BIP9326I<<The source 'Demoproject.generated.bar' has been successfully deployed. <<1733434552766
Demo>>>>TEST_SERVER>>SUCCESS>>1733434757109
BIP9332I<<Application 'Demo' has been changed successfully. <<1733434757109
BIP9326I<<The source 'Demoproject.generated.bar' has been successfully deployed. <<1733434757109
Demo>>>>TEST_SERVER>>SUCCESS>>1733434970671
BIP9332I<<Application 'Demo' has been changed successfully. <<1733434970671
BIP9326I<<The source 'Demoproject.generated.bar' has been successfully deployed. <<1733434970671
Demo>>>>TEST_SERVER>>SUCCESS>>1733435052928
BIP9332I<<Application 'Demo' has been changed successfully. <<1733435052928
BIP9326I<<The source 'Demoproject.generated.bar' has been successfully deployed. <<1733435052928
Demo>>>>TEST_SERVER>>SUCCESS>>1733435150241
BIP9332I<<Application 'Demo' has been changed successfully. <<1733435150241
BIP9326I<<The source 'Demoproject.generated.bar' has been successfully deployed. <<1733435150241
Demo>>>>TEST_SERVER>>SUCCESS>>1733435503316
BIP9332I<<Application 'Demo' has been changed successfully. <<1733435503316
BIP9326I<<The source 'Demoproject.generated.bar' has been successfully deployed. <<1733435503316
Rest_1>>>>TEST_SERVER>>SUCCESS>>1733441310174
BIP9332I<<RestAPI 'Rest_1' has been created successfully. <<1733441310174
BIP9326I<<The source 'Rest_1project.generated.bar' has been successfully deployed. <<1733441310174
Demo>>>>TEST_SERVER>>SUCCESS>>1733445188649
BIP9332I<<Application 'Demo' has been changed successfully. <<1733445188649
BIP9326I<<The source 'Demoproject.generated.bar' has been successfully deployed. <<1733445188649
Demo2>>>>TEST_SERVER>>SUCCESS>>1733505670364
BIP9332I<<Application 'Demo2' has been created successfully. <<1733505670364
BIP9326I<<The source 'Demo2project.generated.bar' has been successfully deployed. <<1733505670364
Demo2>>>>TEST_SERVER>>SUCCESS>>1733505704157
BIP9332I<<Application 'Demo2' has been changed successfully. <<1733505704157
BIP9326I<<The source 'Demo2project.generated.bar' has been successfully deployed. <<1733505704157
Demo2>>>>TEST_SERVER>>SUCCESS>>1733506560503
BIP9332I<<Application 'Demo2' has been changed successfully. <<1733506560503
BIP9326I<<The source 'Demo2project.generated.bar' has been successfully deployed. <<1733506560503
Demo2>>>>TEST_SERVER>>SUCCESS>>1733506618013
BIP9332I<<Application 'Demo2' has been changed successfully. <<1733506618013
BIP9326I<<The source 'Demo2project.generated.bar' has been successfully deployed. <<1733506618013
Demo2>>>>TEST_SERVER>>SUCCESS>>1733515968979
BIP9332I<<Application 'Demo2' has been changed successfully. <<1733515968979
BIP9326I<<The source 'Demo2project.generated.bar' has been successfully deployed. <<1733515968979
Demo2>>broker2>>s2>>SUCCESS>>1733517249309
BIP9332I<<Application 'Demo2' has been created successfully. <<1733517249309
BIP9326I<<The source 'Demo2project.generated.bar' has been successfully deployed. <<1733517249309
Demo2>>broker2>>s2>>SUCCESS>>1733517439974
BIP9332I<<Application 'Demo2' has been changed successfully. <<1733517439974
BIP9326I<<The source 'Demo2project.generated.bar' has been successfully deployed. <<1733517439974
Demo2>>broker2>>s2>>SUCCESS>>1733517569487
BIP9332I<<Application 'Demo2' has been changed successfully. <<1733517569487
BIP9326I<<The source 'Demo2project.generated.bar' has been successfully deployed. <<1733517569487
Demo2>>broker2>>s2>>SUCCESS>>1733517867561
BIP9332I<<Application 'Demo2' has been changed successfully. <<1733517867561
BIP9326I<<The source 'Demo2project.generated.bar' has been successfully deployed. <<1733517867561
REST_Node>>broker2>>s2>>SUCCESS>>1733522847942
BIP9332I<<Application 'REST_Node' has been created successfully. <<1733522847942
BIP9326I<<The source 'REST_Nodeproject.generated.bar' has been successfully deployed. <<1733522847942
REST_Node>>broker2>>s2>>SUCCESS>>1733522886083
BIP9332I<<Application 'REST_Node' has been changed successfully. <<1733522886083
BIP9326I<<The source 'REST_Nodeproject.generated.bar' has been successfully deployed. <<1733522886083
Rest_1>>broker2>>s2>>SUCCESS>>1733522965735
BIP9332I<<RestAPI 'Rest_1' has been created successfully. <<1733522965735
BIP9326I<<The source 'Rest_1project.generated.bar' has been successfully deployed. <<1733522965735
REST_Node>>broker2>>s2>>SUCCESS>>1733523033029
BIP9332I<<Application 'REST_Node' has been changed successfully. <<1733523033029
BIP9326I<<The source 'REST_Nodeproject.generated.bar' has been successfully deployed. <<1733523033029
Rest_1>>>>TEST_SERVER>>SUCCESS>>1733523394602
BIP9332I<<RestAPI 'Rest_1' has been changed successfully. <<1733523394602
BIP9326I<<The source 'Rest_1project.generated.bar' has been successfully deployed. <<1733523394602
Demo2>>broker2>>s2>>SUCCESS>>1733529003676
BIP9332I<<Application 'Demo2' has been created successfully. <<1733529003676
BIP9326I<<The source 'Demo2project.generated.bar' has been successfully deployed. <<1733529003676
Demo2>>broker2>>s2>>SUCCESS>>1733529102888
BIP9332I<<Application 'Demo2' has been changed successfully. <<1733529102888
BIP9326I<<The source 'Demo2project.generated.bar' has been successfully deployed. <<1733529102888
Demo2>>broker2>>s2>>SUCCESS>>1733529195168
BIP9332I<<Application 'Demo2' has been changed successfully. <<1733529195168
BIP9326I<<The source 'Demo2project.generated.bar' has been successfully deployed. <<1733529195168
Demo2>>broker2>>s2>>SUCCESS>>1733529255628
BIP9332I<<Application 'Demo2' has been created successfully. <<1733529255628
BIP9326I<<The source 'Demo2project.generated.bar' has been successfully deployed. <<1733529255628
Demo2>>broker2>>s2>>SUCCESS>>1733529442034
BIP9332I<<Application 'Demo2' has been changed successfully. <<1733529442034
BIP9326I<<The source 'Demo2project.generated.bar' has been successfully deployed. <<1733529442034
Demo2>>>>TEST_SERVER>>SUCCESS>>1733529538348
BIP9332I<<Application 'Demo2' has been created successfully. <<1733529538348
BIP9326I<<The source 'Demo2project.generated.bar' has been successfully deployed. <<1733529538348
Demo2>>broker2>>s2>>SUCCESS>>1733529630937
BIP9332I<<Application 'Demo2' has been created successfully. <<1733529630937
BIP9326I<<The source 'Demo2project.generated.bar' has been successfully deployed. <<1733529630937
Demo2>>broker2>>s2>>SUCCESS>>1733529877811
BIP9332I<<Application 'Demo2' has been changed successfully. <<1733529877811
BIP9326I<<The source 'Demo2project.generated.bar' has been successfully deployed. <<1733529877811
Demo2>>gzip>>s90>>SUCCESS>>1733530358432
BIP9332I<<Application 'Demo2' has been created successfully. <<1733530358432
BIP9326I<<The source 'Demo2project.generated.bar' has been successfully deployed. <<1733530358432
Exception_task_Last_Child>>broker2>>s2>>SUCCESS>>1733768220205
BIP9332I<<Application 'Exception_task_Last_Child' has been created successfully. <<1733768220205
BIP9326I<<The source 'Exception_task_Last_Childproject.generated.bar' has been successfully deployed. <<1733768220205
XML&JSON_TASK>>broker2>>s2>>SUCCESS>>1733777833443
BIP9332I<<Application 'XML&JSON_TASK' has been created successfully. <<1733777833443
BIP9326I<<The source 'XML&JSON_TASKproject.generated.bar' has been successfully deployed. <<1733777833443
XML&JSON_TASK>>broker2>>s2>>SUCCESS>>1733777948313
BIP9332I<<Application 'XML&JSON_TASK' has been changed successfully. <<1733777948313
BIP9326I<<The source 'XML&JSON_TASKproject.generated.bar' has been successfully deployed. <<1733777948313
XML&JSON_TASK>>broker2>>s2>>SUCCESS>>1733777989525
BIP9332I<<Application 'XML&JSON_TASK' has been changed successfully. <<1733777989525
BIP9326I<<The source 'XML&JSON_TASKproject.generated.bar' has been successfully deployed. <<1733777989525
XML&JSON_TASK>>broker2>>s2>>SUCCESS>>1733778076618
BIP9332I<<Application 'XML&JSON_TASK' has been changed successfully. <<1733778076618
BIP9326I<<The source 'XML&JSON_TASKproject.generated.bar' has been successfully deployed. <<1733778076618
XML&JSON_TASK>>broker2>>s2>>SUCCESS>>1733778802922
BIP9332I<<Application 'XML&JSON_TASK' has been changed successfully. <<1733778802922
BIP9326I<<The source 'XML&JSON_TASKproject.generated.bar' has been successfully deployed. <<1733778802922
XML&JSON_TASK>>broker2>>s2>>SUCCESS>>1733778980049
BIP9332I<<Application 'XML&JSON_TASK' has been changed successfully. <<1733778980049
BIP9326I<<The source 'XML&JSON_TASKproject.generated.bar' has been successfully deployed. <<1733778980049
XML_Validation_Message_Set>>broker2>>s2>>SUCCESS>>1733786735036
BIP9332I<<Application 'XML_Validation_Message_Set' has been created successfully. <<1733786735036
BIP9326I<<The source 'XML_Validation_Message_Setproject.generated.bar' has been successfully deployed. <<1733786735036
XML_Validation_Message_Set>>broker2>>s2>>SUCCESS>>1733787424115
BIP9332I<<Application 'XML_Validation_Message_Set' has been changed successfully. <<1733787424115
BIP9326I<<The source 'XML_Validation_Message_Setproject.generated.bar' has been successfully deployed. <<1733787424115
Http_Header>>broker2>>s2>>SUCCESS>>1733853561187
BIP9332I<<Application 'Http_Header' has been created successfully. <<1733853561187
BIP9326I<<The source 'Http_Headerproject.generated.bar' has been successfully deployed. <<1733853561187
Http_Header>>broker2>>s2>>SUCCESS>>1733853627055
BIP9332I<<Application 'Http_Header' has been changed successfully. <<1733853627055
BIP9326I<<The source 'Http_Headerproject.generated.bar' has been successfully deployed. <<1733853627055
Http_Header>>broker2>>s2>>SUCCESS>>1733854072820
BIP9332I<<Application 'Http_Header' has been changed successfully. <<1733854072820
BIP9326I<<The source 'Http_Headerproject.generated.bar' has been successfully deployed. <<1733854072820
Grouping_Node>>broker2>>s2>>SUCCESS>>1733873898473
BIP9332I<<Application 'Grouping_Node' has been created successfully. <<1733873898473
BIP9326I<<The source 'Grouping_Nodeproject.generated.bar' has been successfully deployed. <<1733873898473
Grouping_Node>>broker2>>s2>>SUCCESS>>1733873969896
BIP9332I<<Application 'Grouping_Node' has been changed successfully. <<1733873969896
BIP9326I<<The source 'Grouping_Nodeproject.generated.bar' has been successfully deployed. <<1733873969896
Grouping_Node>>broker2>>s2>>SUCCESS>>1733874744861
BIP9332I<<Application 'Grouping_Node' has been changed successfully. <<1733874744861
BIP9326I<<The source 'Grouping_Nodeproject.generated.bar' has been successfully deployed. <<1733874744861
Grouping_Node>>broker2>>s2>>SUCCESS>>1733874826447
BIP9332I<<Application 'Grouping_Node' has been changed successfully. <<1733874826447
BIP9326I<<The source 'Grouping_Nodeproject.generated.bar' has been successfully deployed. <<1733874826447
Grouping_Node>>broker2>>s2>>SUCCESS>>1733875579570
BIP9332I<<Application 'Grouping_Node' has been changed successfully. <<1733875579570
BIP9326I<<The source 'Grouping_Nodeproject.generated.bar' has been successfully deployed. <<1733875579570
Grouping_Node>>broker2>>s2>>SUCCESS>>1733875629955
BIP9332I<<Application 'Grouping_Node' has been changed successfully. <<1733875629955
BIP9326I<<The source 'Grouping_Nodeproject.generated.bar' has been successfully deployed. <<1733875629955
Grouping_Node>>broker2>>s2>>SUCCESS>>1733875723895
BIP9332I<<Application 'Grouping_Node' has been changed successfully. <<1733875723895
BIP9326I<<The source 'Grouping_Nodeproject.generated.bar' has been successfully deployed. <<1733875723895
Grouping_Node>>broker2>>s2>>SUCCESS>>1733875851389
BIP9332I<<Application 'Grouping_Node' has been changed successfully. <<1733875851389
BIP9326I<<The source 'Grouping_Nodeproject.generated.bar' has been successfully deployed. <<1733875851389
Grouping_Node>>broker2>>s2>>SUCCESS>>1733875892790
BIP9332I<<Application 'Grouping_Node' has been changed successfully. <<1733875892790
BIP9326I<<The source 'Grouping_Nodeproject.generated.bar' has been successfully deployed. <<1733875892790
PROJECT_1_CALL_API_BY_ID_ROUTER_FLOW>>broker1>>server1>>SUCCESS>>1734381371137
BIP9332I<<Application 'PROJECT_1_CALL_API_BY_ID_ROUTER_FLOW' has been created successfully. <<1734381371137
BIP9326I<<The source 'PROJECT_1_CALL_API_BY_ID_ROUTER_FLOWproject.generated.bar' has been successfully deployed. <<1734381371137
PROJECT_1_CALL_API_BY_ID_ROUTER_FLOW>>broker1>>server1>>SUCCESS>>1734381651415
BIP9332I<<Application 'PROJECT_1_CALL_API_BY_ID_ROUTER_FLOW' has been changed successfully. <<1734381651415
BIP9326I<<The source 'PROJECT_1_CALL_API_BY_ID_ROUTER_FLOWproject.generated.bar' has been successfully deployed. <<1734381651415
PROJECT_1_CALL_API_BY_ID_ROUTER_FLOW>>broker1>>server1>>SUCCESS>>1734382084719
BIP9332I<<Application 'PROJECT_1_CALL_API_BY_ID_ROUTER_FLOW' has been changed successfully. <<1734382084719
BIP9326I<<The source 'PROJECT_1_CALL_API_BY_ID_ROUTER_FLOWproject.generated.bar' has been successfully deployed. <<1734382084719
PROJECT_1_CALL_API_BY_ID_ROUTER_FLOW>>broker1>>server1>>SUCCESS>>1734382218922
BIP9332I<<Application 'PROJECT_1_CALL_API_BY_ID_ROUTER_FLOW' has been changed successfully. <<1734382218922
BIP9326I<<The source 'PROJECT_1_CALL_API_BY_ID_ROUTER_FLOWproject.generated.bar' has been successfully deployed. <<1734382218922
PROJECT_1_CALL_API_BY_ID_ROUTER_FLOW>>broker1>>server1>>SUCCESS>>1734382287569
BIP9332I<<Application 'PROJECT_1_CALL_API_BY_ID_ROUTER_FLOW' has been changed successfully. <<1734382287569
BIP9326I<<The source 'PROJECT_1_CALL_API_BY_ID_ROUTER_FLOWproject.generated.bar' has been successfully deployed. <<1734382287569
PROJECT_1_CALL_API_BY_ID_ROUTER_FLOW>>broker1>>server1>>SUCCESS>>1734382486130
BIP9332I<<Application 'PROJECT_1_CALL_API_BY_ID_ROUTER_FLOW' has been changed successfully. <<1734382486130
BIP9326I<<The source 'PROJECT_1_CALL_API_BY_ID_ROUTER_FLOWproject.generated.bar' has been successfully deployed. <<1734382486130
PROJECT_1_CALL_API_BY_ID_ROUTER_FLOW>>broker1>>server1>>SUCCESS>>1734382558606
BIP9332I<<Application 'PROJECT_1_CALL_API_BY_ID_ROUTER_FLOW' has been changed successfully. <<1734382558606
BIP9326I<<The source 'PROJECT_1_CALL_API_BY_ID_ROUTER_FLOWproject.generated.bar' has been successfully deployed. <<1734382558606
PROJECT_1_CALL_API_BY_ID_ROUTER_FLOW>>broker1>>server1>>SUCCESS>>1734382882999
BIP9332I<<Application 'PROJECT_1_CALL_API_BY_ID_ROUTER_FLOW' has been changed successfully. <<1734382882999
BIP9326I<<The source 'PROJECT_1_CALL_API_BY_ID_ROUTER_FLOWproject.generated.bar' has been successfully deployed. <<1734382882999
PROJECT_1_CALL_API_BY_ID_ROUTER_FLOW>>broker1>>server1>>SUCCESS>>1734382948426
BIP9332I<<Application 'PROJECT_1_CALL_API_BY_ID_ROUTER_FLOW' has been changed successfully. <<1734382948426
BIP9326I<<The source 'PROJECT_1_CALL_API_BY_ID_ROUTER_FLOWproject.generated.bar' has been successfully deployed. <<1734382948426
PROJECT_1_CALL_API_BY_ID_ROUTER_FLOW>>broker1>>server1>>SUCCESS>>1734383130174
BIP9332I<<Application 'PROJECT_1_CALL_API_BY_ID_ROUTER_FLOW' has been changed successfully. <<1734383130174
BIP9326I<<The source 'PROJECT_1_CALL_API_BY_ID_ROUTER_FLOWproject.generated.bar' has been successfully deployed. <<1734383130174
PROJECT_1_CALL_API_BY_ID_ROUTER_FLOW>>broker1>>server1>>SUCCESS>>1734383251963
BIP9332I<<Application 'PROJECT_1_CALL_API_BY_ID_ROUTER_FLOW' has been changed successfully. <<1734383251963
BIP9326I<<The source 'PROJECT_1_CALL_API_BY_ID_ROUTER_FLOWproject.generated.bar' has been successfully deployed. <<1734383251963
PROJECT_1_CALL_API_BY_ID_ROUTER_FLOW>>broker1>>server1>>SUCCESS>>1734383654541
BIP9332I<<Application 'PROJECT_1_CALL_API_BY_ID_ROUTER_FLOW' has been changed successfully. <<1734383654541
BIP9326I<<The source 'PROJECT_1_CALL_API_BY_ID_ROUTER_FLOWproject.generated.bar' has been successfully deployed. <<1734383654541
PROJECT_1_CUS_DETAIL_BUS_FLOW>>Demo>>server2>>SUCCESS>>1734384313031
BIP9332I<<Application 'PROJECT_1_CUS_DETAIL_BUS_FLOW' has been created successfully. <<1734384313031
BIP9326I<<The source 'PROJECT_1_CUS_DETAIL_BUS_FLOWproject.generated.bar' has been successfully deployed. <<1734384313031
PROJECT_1_CALL_API_BY_ID_ROUTER_FLOW>>broker1>>server1>>SUCCESS>>1734384580138
BIP9332I<<Application 'PROJECT_1_CALL_API_BY_ID_ROUTER_FLOW' has been changed successfully. <<1734384580138
BIP9326I<<The source 'PROJECT_1_CALL_API_BY_ID_ROUTER_FLOWproject.generated.bar' has been successfully deployed. <<1734384580138
PROJECT_1_CUS_DETAIL_BUS_FLOW>>Demo>>server2>>SUCCESS>>1734385598119
BIP9332I<<Application 'PROJECT_1_CUS_DETAIL_BUS_FLOW' has been changed successfully. <<1734385598119
BIP9326I<<The source 'PROJECT_1_CUS_DETAIL_BUS_FLOWproject.generated.bar' has been successfully deployed. <<1734385598119
PROJECT_1_CUS_DETAIL_BUS_FLOW>>Demo>>server2>>SUCCESS>>1734385650952
BIP9332I<<Application 'PROJECT_1_CUS_DETAIL_BUS_FLOW' has been changed successfully. <<1734385650952
BIP9326I<<The source 'PROJECT_1_CUS_DETAIL_BUS_FLOWproject.generated.bar' has been successfully deployed. <<1734385650952
PROJECT_1_CALL_API_BY_ID_ROUTER_FLOW>>broker1>>server1>>SUCCESS>>1734385660555
BIP9332I<<Application 'PROJECT_1_CALL_API_BY_ID_ROUTER_FLOW' has been changed successfully. <<1734385660555
BIP9326I<<The source 'PROJECT_1_CALL_API_BY_ID_ROUTER_FLOWproject.generated.bar' has been successfully deployed. <<1734385660555
PROJECT_1_CUS_DETAIL_BUS_FLOW>>broker1>>server1>>SUCCESS>>1734385890437
BIP9332I<<Application 'PROJECT_1_CUS_DETAIL_BUS_FLOW' has been created successfully. <<1734385890437
BIP9326I<<The source 'PROJECT_1_CUS_DETAIL_BUS_FLOWproject.generated.bar' has been successfully deployed. <<1734385890437
PROJECT_1_CUS_DETAIL_BUS_FLOW>>broker1>>server1>>SUCCESS>>1734386088384
BIP9332I<<Application 'PROJECT_1_CUS_DETAIL_BUS_FLOW' has been changed successfully. <<1734386088384
BIP9326I<<The source 'PROJECT_1_CUS_DETAIL_BUS_FLOWproject.generated.bar' has been successfully deployed. <<1734386088384
PROJECT_1_CALL_API_BY_ID_ROUTER_FLOW>>broker1>>server1>>SUCCESS>>1734387101833
BIP9332I<<Application 'PROJECT_1_CALL_API_BY_ID_ROUTER_FLOW' has been changed successfully. <<1734387101833
BIP9326I<<The source 'PROJECT_1_CALL_API_BY_ID_ROUTER_FLOWproject.generated.bar' has been successfully deployed. <<1734387101833
PROJECT_1_CALL_API_BY_ID_ROUTER_FLOW>>broker1>>server1>>SUCCESS>>1734387541261
BIP9332I<<Application 'PROJECT_1_CALL_API_BY_ID_ROUTER_FLOW' has been changed successfully. <<1734387541261
BIP9326I<<The source 'PROJECT_1_CALL_API_BY_ID_ROUTER_FLOWproject.generated.bar' has been successfully deployed. <<1734387541261
PROJECT_1_CALL_API_BY_ID_ROUTER_FLOW>>broker1>>server1>>SUCCESS>>1734392633151
BIP9332I<<Application 'PROJECT_1_CALL_API_BY_ID_ROUTER_FLOW' has been changed successfully. <<1734392633151
BIP9326I<<The source 'PROJECT_1_CALL_API_BY_ID_ROUTER_FLOWproject.generated.bar' has been successfully deployed. <<1734392633151
PROJECT_1_CALL_API_BY_ID_ROUTER_FLOW>>broker1>>server1>>SUCCESS>>1734392680664
BIP9332I<<Application 'PROJECT_1_CALL_API_BY_ID_ROUTER_FLOW' has been changed successfully. <<1734392680664
BIP9326I<<The source 'PROJECT_1_CALL_API_BY_ID_ROUTER_FLOWproject.generated.bar' has been successfully deployed. <<1734392680664
PROJECT_1_CUS_DETAIL_BUS_FLOW>>broker1>>server1>>SUCCESS>>1734392692110
BIP9332I<<Application 'PROJECT_1_CUS_DETAIL_BUS_FLOW' has been changed successfully. <<1734392692110
BIP9326I<<The source 'PROJECT_1_CUS_DETAIL_BUS_FLOWproject.generated.bar' has been successfully deployed. <<1734392692110
PROJECT_1_CALL_API_BY_ID_ROUTER_FLOW>>broker1>>server1>>SUCCESS>>1734393091074
BIP9332I<<Application 'PROJECT_1_CALL_API_BY_ID_ROUTER_FLOW' has been changed successfully. <<1734393091074
BIP9326I<<The source 'PROJECT_1_CALL_API_BY_ID_ROUTER_FLOWproject.generated.bar' has been successfully deployed. <<1734393091074
PROJECT_1_CUS_DETAIL_BUS_FLOW>>broker1>>server1>>SUCCESS>>1734393101500
BIP9332I<<Application 'PROJECT_1_CUS_DETAIL_BUS_FLOW' has been changed successfully. <<1734393101500
BIP9326I<<The source 'PROJECT_1_CUS_DETAIL_BUS_FLOWproject.generated.bar' has been successfully deployed. <<1734393101500
PROJECT_1_CUS_DETAIL_BUS_FLOW>>broker1>>server1>>SUCCESS>>1734393503148
BIP9332I<<Application 'PROJECT_1_CUS_DETAIL_BUS_FLOW' has been changed successfully. <<1734393503148
BIP9326I<<The source 'PROJECT_1_CUS_DETAIL_BUS_FLOWproject.generated.bar' has been successfully deployed. <<1734393503148
PROJECT_1_CALL_API_BY_ID_ROUTER_FLOW>>broker1>>server1>>SUCCESS>>1734393512483
BIP9332I<<Application 'PROJECT_1_CALL_API_BY_ID_ROUTER_FLOW' has been changed successfully. <<1734393512483
BIP9326I<<The source 'PROJECT_1_CALL_API_BY_ID_ROUTER_FLOWproject.generated.bar' has been successfully deployed. <<1734393512483
PROJECT_1_CALL_API_BY_ID_ROUTER_FLOW>>broker1>>server1>>SUCCESS>>1734393685294
BIP9332I<<Application 'PROJECT_1_CALL_API_BY_ID_ROUTER_FLOW' has been changed successfully. <<1734393685294
BIP9326I<<The source 'PROJECT_1_CALL_API_BY_ID_ROUTER_FLOWproject.generated.bar' has been successfully deployed. <<1734393685294
PROJECT_1_CUS_DETAIL_BUS_FLOW>>broker1>>server1>>SUCCESS>>1734393865550
BIP9332I<<Application 'PROJECT_1_CUS_DETAIL_BUS_FLOW' has been changed successfully. <<1734393865550
BIP9326I<<The source 'PROJECT_1_CUS_DETAIL_BUS_FLOWproject.generated.bar' has been successfully deployed. <<1734393865550
PROJECT_1_CUS_DETAIL_BUS_FLOW>>broker1>>server1>>SUCCESS>>1734393936602
BIP9332I<<Application 'PROJECT_1_CUS_DETAIL_BUS_FLOW' has been changed successfully. <<1734393936602
BIP9326I<<The source 'PROJECT_1_CUS_DETAIL_BUS_FLOWproject.generated.bar' has been successfully deployed. <<1734393936602
PROJECT_1_CUS_DETAIL_BUS_FLOW>>broker1>>server1>>SUCCESS>>1734394057676
BIP9332I<<Application 'PROJECT_1_CUS_DETAIL_BUS_FLOW' has been changed successfully. <<1734394057676
BIP9326I<<The source 'PROJECT_1_CUS_DETAIL_BUS_FLOWproject.generated.bar' has been successfully deployed. <<1734394057676
PROJECT_1_CUS_DETAIL_BUS_FLOW>>broker1>>server1>>SUCCESS>>1734394124737
BIP9332I<<Application 'PROJECT_1_CUS_DETAIL_BUS_FLOW' has been changed successfully. <<1734394124737
BIP9326I<<The source 'PROJECT_1_CUS_DETAIL_BUS_FLOWproject.generated.bar' has been successfully deployed. <<1734394124737
PROJECT_1_CUS_DETAIL_BUS_FLOW>>broker1>>server1>>SUCCESS>>1734394187922
BIP9332I<<Application 'PROJECT_1_CUS_DETAIL_BUS_FLOW' has been changed successfully. <<1734394187922
BIP9326I<<The source 'PROJECT_1_CUS_DETAIL_BUS_FLOWproject.generated.bar' has been successfully deployed. <<1734394187922
PROJECT_1_CUS_DETAIL_BUS_FLOW>>broker1>>server1>>SUCCESS>>1734394324958
BIP9332I<<Application 'PROJECT_1_CUS_DETAIL_BUS_FLOW' has been changed successfully. <<1734394324958
BIP9326I<<The source 'PROJECT_1_CUS_DETAIL_BUS_FLOWproject.generated.bar' has been successfully deployed. <<1734394324958
PROJECT_1_CUS_DETAIL_BUS_FLOW>>broker1>>server1>>SUCCESS>>1734394559742
BIP9332I<<Application 'PROJECT_1_CUS_DETAIL_BUS_FLOW' has been changed successfully. <<1734394559742
BIP9326I<<The source 'PROJECT_1_CUS_DETAIL_BUS_FLOWproject.generated.bar' has been successfully deployed. <<1734394559742
PROJECT_1_CUS_DETAIL_BUS_FLOW>>broker1>>server1>>WARNING>>1734395203118
BIP9318E<<Request to 'PreSetupValidate' resource 'PROJECT_1_CUS_DETAIL_BUS_FLOW', 'PROJECT_1_CUS_DETAIL_BUS_FLOW' of type 'Application' failed. <<1734395203118
BIP2497E<<(.Business_Flow_1_Compute.CopyEntireMessage, 8.7) : Illegal data type for target. A list field reference is required. <<1734395203118
BIP9333W<<Application 'PROJECT_1_CUS_DETAIL_BUS_FLOW' has been changed but contains errors which has prevented some resources from starting. <<1734395203118
BIP1096E<<The source 'PROJECT_1_CUS_DETAIL_BUS_FLOWproject.generated.bar' has been deployed but there were one or more failures which may mean the deployed resources will be unable to execute. <<1734395203118
PROJECT_1_CUS_DETAIL_BUS_FLOW>>broker1>>server1>>WARNING>>1734395236310
BIP9318E<<Request to 'PreSetupValidate' resource 'PROJECT_1_CUS_DETAIL_BUS_FLOW', 'PROJECT_1_CUS_DETAIL_BUS_FLOW' of type 'Application' failed. <<1734395236310
BIP2497E<<(.Business_Flow_1_Compute.CopyEntireMessage, 8.7) : Illegal data type for target. A list field reference is required. <<1734395236310
BIP9333W<<Application 'PROJECT_1_CUS_DETAIL_BUS_FLOW' has been changed but contains errors which has prevented some resources from starting. <<1734395236310
BIP1096E<<The source 'PROJECT_1_CUS_DETAIL_BUS_FLOWproject.generated.bar' has been deployed but there were one or more failures which may mean the deployed resources will be unable to execute. <<1734395236310
PROJECT_1_CUS_DETAIL_BUS_FLOW>>broker1>>server1>>WARNING>>1734395250893
BIP9318E<<Request to 'PreSetupValidate' resource 'PROJECT_1_CUS_DETAIL_BUS_FLOW', 'PROJECT_1_CUS_DETAIL_BUS_FLOW' of type 'Application' failed. <<1734395250893
BIP2497E<<(.Business_Flow_1_Compute.CopyEntireMessage, 8.7) : Illegal data type for target. A list field reference is required. <<1734395250893
BIP9333W<<Application 'PROJECT_1_CUS_DETAIL_BUS_FLOW' has been changed but contains errors which has prevented some resources from starting. <<1734395250893
BIP1096E<<The source 'PROJECT_1_CUS_DETAIL_BUS_FLOWproject.generated.bar' has been deployed but there were one or more failures which may mean the deployed resources will be unable to execute. <<1734395250893
PROJECT_1_CUS_DETAIL_BUS_FLOW>>broker1>>server1>>SUCCESS>>1734395630773
BIP9332I<<Application 'PROJECT_1_CUS_DETAIL_BUS_FLOW' has been changed successfully. <<1734395630773
BIP9326I<<The source 'PROJECT_1_CUS_DETAIL_BUS_FLOWproject.generated.bar' has been successfully deployed. <<1734395630773
PROJECT_1_CUS_DETAIL_BUS_FLOW>>broker1>>server1>>SUCCESS>>1734395742750
BIP9332I<<Application 'PROJECT_1_CUS_DETAIL_BUS_FLOW' has been changed successfully. <<1734395742750
BIP9326I<<The source 'PROJECT_1_CUS_DETAIL_BUS_FLOWproject.generated.bar' has been successfully deployed. <<1734395742750
PROJECT_1_CUS_DETAIL_BUS_FLOW>>broker1>>server1>>SUCCESS>>1734395878827
BIP9332I<<Application 'PROJECT_1_CUS_DETAIL_BUS_FLOW' has been changed successfully. <<1734395878827
BIP9326I<<The source 'PROJECT_1_CUS_DETAIL_BUS_FLOWproject.generated.bar' has been successfully deployed. <<1734395878827
PROJECT_1_CUS_DETAIL_BUS_FLOW>>broker1>>server1>>SUCCESS>>1734396025034
BIP9332I<<Application 'PROJECT_1_CUS_DETAIL_BUS_FLOW' has been changed successfully. <<1734396025034
BIP9326I<<The source 'PROJECT_1_CUS_DETAIL_BUS_FLOWproject.generated.bar' has been successfully deployed. <<1734396025034
PROJECT_1_CALL_API_BY_ID_ROUTER_FLOW>>broker1>>server1>>SUCCESS>>1734396035836
BIP9332I<<Application 'PROJECT_1_CALL_API_BY_ID_ROUTER_FLOW' has been changed successfully. <<1734396035836
BIP9326I<<The source 'PROJECT_1_CALL_API_BY_ID_ROUTER_FLOWproject.generated.bar' has been successfully deployed. <<1734396035836
PROJECT_1_CALL_API_BY_ID_ROUTER_FLOW>>broker1>>server1>>SUCCESS>>1734454404121
BIP9332I<<Application 'PROJECT_1_CALL_API_BY_ID_ROUTER_FLOW' has been created successfully. <<1734454404121
BIP9326I<<The source 'PROJECT_1_CALL_API_BY_ID_ROUTER_FLOWproject.generated.bar' has been successfully deployed. <<1734454404121
PROJECT_1_CUS_DETAIL_BUS_FLOW>>Demo>>server2>>SUCCESS>>1734454412444
BIP9332I<<Application 'PROJECT_1_CUS_DETAIL_BUS_FLOW' has been created successfully. <<1734454412444
BIP9326I<<The source 'PROJECT_1_CUS_DETAIL_BUS_FLOWproject.generated.bar' has been successfully deployed. <<1734454412444
PROJECT_1_CUS_DETAIL_BUS_FLOW>>Demo>>server2>>SUCCESS>>1734454807864
BIP9332I<<Application 'PROJECT_1_CUS_DETAIL_BUS_FLOW' has been changed successfully. <<1734454807864
BIP9326I<<The source 'PROJECT_1_CUS_DETAIL_BUS_FLOWproject.generated.bar' has been successfully deployed. <<1734454807864
PROJECT_1_CUS_DETAIL_BUS_FLOW>>Demo>>server2>>SUCCESS>>1734455207402
BIP9332I<<Application 'PROJECT_1_CUS_DETAIL_BUS_FLOW' has been changed successfully. <<1734455207402
BIP9326I<<The source 'PROJECT_1_CUS_DETAIL_BUS_FLOWproject.generated.bar' has been successfully deployed. <<1734455207402
PROJECT_1_CALL_API_BY_ID_ROUTER_FLOW>>broker1>>server1>>SUCCESS>>1734455266744
BIP9332I<<Application 'PROJECT_1_CALL_API_BY_ID_ROUTER_FLOW' has been changed successfully. <<1734455266744
BIP9326I<<The source 'PROJECT_1_CALL_API_BY_ID_ROUTER_FLOWproject.generated.bar' has been successfully deployed. <<1734455266744
PROJECT_1_LOAN_DETAILS_BUS_FLOW_2>>Demo2>>Server3>>WARNING>>1734457788962
BIP9318E<<Request to 'PreSetupValidate' resource 'PROJECT_1_LOAN_DETAILS_BUS_FLOW_2', 'PROJECT_1_LOAN_DETAILS_BUS_FLOW_2' of type 'Application' failed. <<1734457788962
BIP2497E<<(.Business_Flow_2_Compute.CopyEntireMessage, 8.7) : Illegal data type for target. A list field reference is required. <<1734457788962
BIP9333W<<Application 'PROJECT_1_LOAN_DETAILS_BUS_FLOW_2' has been created but contains errors which has prevented some resources from starting. <<1734457788962
BIP1096E<<The source 'PROJECT_1_LOAN_DETAILS_BUS_FLOW_2project.generated.bar' has been deployed but there were one or more failures which may mean the deployed resources will be unable to execute. <<1734457788962
PROJECT_1_LOAN_DETAILS_BUS_FLOW_2>>Demo2>>Server3>>WARNING>>1734457813038
BIP9318E<<Request to 'PreSetupValidate' resource 'PROJECT_1_LOAN_DETAILS_BUS_FLOW_2', 'PROJECT_1_LOAN_DETAILS_BUS_FLOW_2' of type 'Application' failed. <<1734457813038
BIP2497E<<(.Business_Flow_2_Compute.CopyEntireMessage, 8.7) : Illegal data type for target. A list field reference is required. <<1734457813038
BIP9333W<<Application 'PROJECT_1_LOAN_DETAILS_BUS_FLOW_2' has been changed but contains errors which has prevented some resources from starting. <<1734457813038
BIP1096E<<The source 'PROJECT_1_LOAN_DETAILS_BUS_FLOW_2project.generated.bar' has been deployed but there were one or more failures which may mean the deployed resources will be unable to execute. <<1734457813038
PROJECT_1_LOAN_DETAILS_BUS_FLOW_2>>Demo2>>Server3>>SUCCESS>>1734457905874
BIP9332I<<Application 'PROJECT_1_LOAN_DETAILS_BUS_FLOW_2' has been changed successfully. <<1734457905874
BIP9326I<<The source 'PROJECT_1_LOAN_DETAILS_BUS_FLOW_2project.generated.bar' has been successfully deployed. <<1734457905874
PROJECT_1_LOAN_DETAILS_BUS_FLOW_2>>Demo2>>Server3>>SUCCESS>>1734457969984
BIP9332I<<Application 'PROJECT_1_LOAN_DETAILS_BUS_FLOW_2' has been changed successfully. <<1734457969984
BIP9326I<<The source 'PROJECT_1_LOAN_DETAILS_BUS_FLOW_2project.generated.bar' has been successfully deployed. <<1734457969984
PROJECT_1_CALL_API_BY_ID_ROUTER_FLOW>>broker1>>server1>>SUCCESS>>1734458104212
BIP9332I<<Application 'PROJECT_1_CALL_API_BY_ID_ROUTER_FLOW' has been changed successfully. <<1734458104212
BIP9326I<<The source 'PROJECT_1_CALL_API_BY_ID_ROUTER_FLOWproject.generated.bar' has been successfully deployed. <<1734458104212
PROJECT_1_CALL_API_BY_ID_ROUTER_FLOW>>broker1>>server1>>SUCCESS>>1734467913928
BIP9332I<<Application 'PROJECT_1_CALL_API_BY_ID_ROUTER_FLOW' has been changed successfully. <<1734467913928
BIP9326I<<The source 'PROJECT_1_CALL_API_BY_ID_ROUTER_FLOWproject.generated.bar' has been successfully deployed. <<1734467913928
PROJECT_1_CREATE_ACCOUNT_BUS_FLOW_3>>Demo2>>Server3>>SUCCESS>>1734467922009
BIP9332I<<Application 'PROJECT_1_CREATE_ACCOUNT_BUS_FLOW_3' has been created successfully. <<1734467922009
BIP9326I<<The source 'PROJECT_1_CREATE_ACCOUNT_BUS_FLOW_3project.generated.bar' has been successfully deployed. <<1734467922009
PROJECT_1_CREATE_ACCOUNT_BUS_FLOW_3>>Demo2>>Server3>>SUCCESS>>1734468956768
BIP9332I<<Application 'PROJECT_1_CREATE_ACCOUNT_BUS_FLOW_3' has been changed successfully. <<1734468956768
BIP9326I<<The source 'PROJECT_1_CREATE_ACCOUNT_BUS_FLOW_3project.generated.bar' has been successfully deployed. <<1734468956768
PROJECT_1_CREATE_ACCOUNT_BUS_FLOW_3>>Demo2>>Server3>>SUCCESS>>1734469113177
BIP9332I<<Application 'PROJECT_1_CREATE_ACCOUNT_BUS_FLOW_3' has been changed successfully. <<1734469113177
BIP9326I<<The source 'PROJECT_1_CREATE_ACCOUNT_BUS_FLOW_3project.generated.bar' has been successfully deployed. <<1734469113177
PROJECT_1_CREATE_ACCOUNT_BUS_FLOW_3>>Demo2>>Server3>>SUCCESS>>1734469194850
BIP9332I<<Application 'PROJECT_1_CREATE_ACCOUNT_BUS_FLOW_3' has been changed successfully. <<1734469194850
BIP9326I<<The source 'PROJECT_1_CREATE_ACCOUNT_BUS_FLOW_3project.generated.bar' has been successfully deployed. <<1734469194850
PROJECT_1_CALL_API_BY_ID_ROUTER_FLOW>>broker1>>server1>>WARNING>>1734470131583
BIP4125E<<Failed to load ESQL file 'C:/ProgramData/IBM/MQSI/components/broker1/servers/server1/run/PROJECT_1_CALL_API_BY_ID_ROUTER_FLOW/ROUTER_FLOW_Compute1.esql'. <<1734470131583
BIP2401E<<(.ROUTER_FLOW_Compute1.CopyEntireMessage, 4.28) : Syntax error : expected 'THEN' but found '='. <<1734470131583
BIP9320E<<Message Flow 'ROUTER_FLOW', 'ROUTER_FLOW' encountered a failure and could not start. <<1734470131583
BIP4001E<<Syntax error in SQL statements in node '{0}'. <<1734470131583
BIP4127E<<Failed to find ESQL module 'ROUTER_FLOW_Compute1'. <<1734470131583
BIP9333W<<Application 'PROJECT_1_CALL_API_BY_ID_ROUTER_FLOW' has been changed but contains errors which has prevented some resources from starting. <<1734470131583
BIP1096E<<The source 'PROJECT_1_CALL_API_BY_ID_ROUTER_FLOWproject.generated.bar' has been deployed but there were one or more failures which may mean the deployed resources will be unable to execute. <<1734470131583
PROJECT_1_CALL_API_BY_ID_ROUTER_FLOW>>broker1>>server1>>WARNING>>1734470256534
BIP4125E<<Failed to load ESQL file 'C:/ProgramData/IBM/MQSI/components/broker1/servers/server1/run/PROJECT_1_CALL_API_BY_ID_ROUTER_FLOW/ROUTER_FLOW_Compute1.esql'. <<1734470256534
BIP2401E<<(.ROUTER_FLOW_Compute1.CopyEntireMessage, 4.28) : Syntax error : expected 'THEN' but found '='. <<1734470256534
BIP9320E<<Message Flow 'ROUTER_FLOW', 'ROUTER_FLOW' encountered a failure and could not start. <<1734470256534
BIP4001E<<Syntax error in SQL statements in node '{0}'. <<1734470256534
BIP4127E<<Failed to find ESQL module 'ROUTER_FLOW_Compute1'. <<1734470256534
BIP9333W<<Application 'PROJECT_1_CALL_API_BY_ID_ROUTER_FLOW' has been changed but contains errors which has prevented some resources from starting. <<1734470256534
BIP1096E<<The source 'PROJECT_1_CALL_API_BY_ID_ROUTER_FLOWproject.generated.bar' has been deployed but there were one or more failures which may mean the deployed resources will be unable to execute. <<1734470256534
PROJECT_1_CALL_API_BY_ID_ROUTER_FLOW>>broker1>>server1>>WARNING>>1734470316216
BIP4125E<<Failed to load ESQL file 'C:/ProgramData/IBM/MQSI/components/broker1/servers/server1/run/PROJECT_1_CALL_API_BY_ID_ROUTER_FLOW/ROUTER_FLOW_Compute1.esql'. <<1734470316216
BIP2401E<<(.ROUTER_FLOW_Compute1.CopyEntireMessage, 4.28) : Syntax error : expected 'THEN' but found '='. <<1734470316216
BIP9320E<<Message Flow 'ROUTER_FLOW', 'ROUTER_FLOW' encountered a failure and could not start. <<1734470316216
BIP4001E<<Syntax error in SQL statements in node '{0}'. <<1734470316216
BIP4127E<<Failed to find ESQL module 'ROUTER_FLOW_Compute1'. <<1734470316216
BIP9333W<<Application 'PROJECT_1_CALL_API_BY_ID_ROUTER_FLOW' has been changed but contains errors which has prevented some resources from starting. <<1734470316216
BIP1096E<<The source 'PROJECT_1_CALL_API_BY_ID_ROUTER_FLOWproject.generated.bar' has been deployed but there were one or more failures which may mean the deployed resources will be unable to execute. <<1734470316216
PROJECT_1_CALL_API_BY_ID_ROUTER_FLOW>>broker1>>server1>>SUCCESS>>1734470439635
BIP9332I<<Application 'PROJECT_1_CALL_API_BY_ID_ROUTER_FLOW' has been changed successfully. <<1734470439635
BIP9326I<<The source 'PROJECT_1_CALL_API_BY_ID_ROUTER_FLOWproject.generated.bar' has been successfully deployed. <<1734470439635
PROJECT_1_CREATE_ACCOUNT_BUS_FLOW_3>>Demo2>>Server3>>SUCCESS>>1734470449077
BIP9332I<<Application 'PROJECT_1_CREATE_ACCOUNT_BUS_FLOW_3' has been changed successfully. <<1734470449077
BIP9326I<<The source 'PROJECT_1_CREATE_ACCOUNT_BUS_FLOW_3project.generated.bar' has been successfully deployed. <<1734470449077
PROJECT_1_CALL_API_BY_ID_ROUTER_FLOW>>broker1>>server1>>SUCCESS>>1734470617042
BIP9332I<<Application 'PROJECT_1_CALL_API_BY_ID_ROUTER_FLOW' has been changed successfully. <<1734470617042
BIP9326I<<The source 'PROJECT_1_CALL_API_BY_ID_ROUTER_FLOWproject.generated.bar' has been successfully deployed. <<1734470617042
PROJECT_1_CALL_API_BY_ID_ROUTER_FLOW>>broker1>>server1>>SUCCESS>>1734539403070
BIP9332I<<Application 'PROJECT_1_CALL_API_BY_ID_ROUTER_FLOW' has been created successfully. <<1734539403070
BIP9326I<<The source 'PROJECT_1_CALL_API_BY_ID_ROUTER_FLOWproject.generated.bar' has been successfully deployed. <<1734539403070
Two_DSN>>broker1>>server1>>SUCCESS>>1734539483276
BIP9332I<<Application 'Two_DSN' has been created successfully. <<1734539483276
BIP9326I<<The source 'Two_DSNproject.generated.bar' has been successfully deployed. <<1734539483276
Two_DSN>>broker1>>server1>>SUCCESS>>1734539721158
BIP9332I<<Application 'Two_DSN' has been created successfully. <<1734539721158
BIP9326I<<The source 'Two_DSNproject.generated.bar' has been successfully deployed. <<1734539721158
Reply_To_Queue>>mq>>s1>>SUCCESS>>1734556088735
BIP9332I<<Application 'Reply_To_Queue' has been created successfully. <<1734556088735
BIP9326I<<The source 'Reply_To_Queueproject.generated.bar' has been successfully deployed. <<1734556088735
Reply_To_Queue>>mq>>s1>>SUCCESS>>1734556189815
BIP9332I<<Application 'Reply_To_Queue' has been changed successfully. <<1734556189815
BIP9326I<<The source 'Reply_To_Queueproject.generated.bar' has been successfully deployed. <<1734556189815
Reply_To_Queue>>mq>>s1>>SUCCESS>>1734556387116
BIP9332I<<Application 'Reply_To_Queue' has been created successfully. <<1734556387116
BIP9326I<<The source 'Reply_To_Queueproject.generated.bar' has been successfully deployed. <<1734556387116
Reply_To_Queue>>mq>>s1>>SUCCESS>>1734556489622
BIP9332I<<Application 'Reply_To_Queue' has been changed successfully. <<1734556489622
BIP9326I<<The source 'Reply_To_Queueproject.generated.bar' has been successfully deployed. <<1734556489622
Reply_To_Queue>>mq>>s1>>SUCCESS>>1734556568535
BIP9332I<<Application 'Reply_To_Queue' has been changed successfully. <<1734556568535
BIP9326I<<The source 'Reply_To_Queueproject.generated.bar' has been successfully deployed. <<1734556568535
Reply_To_Queue>>mq>>s1>>SUCCESS>>1734556630272
BIP9332I<<Application 'Reply_To_Queue' has been changed successfully. <<1734556630272
BIP9326I<<The source 'Reply_To_Queueproject.generated.bar' has been successfully deployed. <<1734556630272
Reply_To_Queue>>mq>>s1>>SUCCESS>>1734556686378
BIP9332I<<Application 'Reply_To_Queue' has been changed successfully. <<1734556686378
BIP9326I<<The source 'Reply_To_Queueproject.generated.bar' has been successfully deployed. <<1734556686378
Reply_To_Queue>>mq>>s1>>SUCCESS>>1734556969034
BIP9332I<<Application 'Reply_To_Queue' has been changed successfully. <<1734556969034
BIP9326I<<The source 'Reply_To_Queueproject.generated.bar' has been successfully deployed. <<1734556969034
Reply_To_Queue>>mq>>s1>>SUCCESS>>1734557168266
BIP9332I<<Application 'Reply_To_Queue' has been changed successfully. <<1734557168266
BIP9326I<<The source 'Reply_To_Queueproject.generated.bar' has been successfully deployed. <<1734557168266
Reply_To_Queue>>mq>>s1>>SUCCESS>>1734557336609
BIP9332I<<Application 'Reply_To_Queue' has been changed successfully. <<1734557336609
BIP9326I<<The source 'Reply_To_Queueproject.generated.bar' has been successfully deployed. <<1734557336609
Reply_To_Queue>>mq>>s1>>SUCCESS>>1734557427571
BIP9332I<<Application 'Reply_To_Queue' has been changed successfully. <<1734557427571
BIP9326I<<The source 'Reply_To_Queueproject.generated.bar' has been successfully deployed. <<1734557427571
Reply_To_Queue>>mq>>s1>>SUCCESS>>1734557538079
BIP9332I<<Application 'Reply_To_Queue' has been changed successfully. <<1734557538079
BIP9326I<<The source 'Reply_To_Queueproject.generated.bar' has been successfully deployed. <<1734557538079
Reply_To_Queue>>mq>>s1>>SUCCESS>>1734558060652
BIP9332I<<Application 'Reply_To_Queue' has been changed successfully. <<1734558060652
BIP9326I<<The source 'Reply_To_Queueproject.generated.bar' has been successfully deployed. <<1734558060652
Reply_To_Queue>>mq>>s1>>SUCCESS>>1734558123920
BIP9332I<<Application 'Reply_To_Queue' has been changed successfully. <<1734558123920
BIP9326I<<The source 'Reply_To_Queueproject.generated.bar' has been successfully deployed. <<1734558123920
Reply_To_Queue>>mq>>s1>>SUCCESS>>1734558279725
BIP9332I<<Application 'Reply_To_Queue' has been changed successfully. <<1734558279725
BIP9326I<<The source 'Reply_To_Queueproject.generated.bar' has been successfully deployed. <<1734558279725
Reply_To_Queue>>mq>>s1>>SUCCESS>>1734558337230
BIP9332I<<Application 'Reply_To_Queue' has been changed successfully. <<1734558337230
BIP9326I<<The source 'Reply_To_Queueproject.generated.bar' has been successfully deployed. <<1734558337230
Reply_To_Queue>>mq>>s1>>SUCCESS>>1734558527811
BIP9332I<<Application 'Reply_To_Queue' has been changed successfully. <<1734558527811
BIP9326I<<The source 'Reply_To_Queueproject.generated.bar' has been successfully deployed. <<1734558527811
Reply_To_Queue>>mq>>s1>>SUCCESS>>1734558709510
BIP9332I<<Application 'Reply_To_Queue' has been changed successfully. <<1734558709510
BIP9326I<<The source 'Reply_To_Queueproject.generated.bar' has been successfully deployed. <<1734558709510
Reply_To_Queue>>mq>>s1>>SUCCESS>>1734558803245
BIP9332I<<Application 'Reply_To_Queue' has been changed successfully. <<1734558803245
BIP9326I<<The source 'Reply_To_Queueproject.generated.bar' has been successfully deployed. <<1734558803245
DataBaseInput>>broker1>>server1>>SUCCESS>>1734564735237
BIP9332I<<Application 'DataBaseInput' has been created successfully. <<1734564735237
BIP9326I<<The source 'DataBaseInputproject.generated.bar' has been successfully deployed. <<1734564735237
DataBaseInput>>broker1>>server1>>SUCCESS>>1734565234615
BIP9332I<<Application 'DataBaseInput' has been changed successfully. <<1734565234615
BIP9326I<<The source 'DataBaseInputproject.generated.bar' has been successfully deployed. <<1734565234615
DataBaseInput>>broker1>>server1>>SUCCESS>>1734565280854
BIP9332I<<Application 'DataBaseInput' has been changed successfully. <<1734565280854
BIP9326I<<The source 'DataBaseInputproject.generated.bar' has been successfully deployed. <<1734565280854
DataBaseInput>>broker1>>server1>>WARNING>>1734565325757
BIP9320E<<Message Flow 'DataBaseInput_Flow', 'DataBaseInput_Flow' encountered a failure and could not start. <<1734565325757
BIP6229E<<Generic expression: It was not possible to parse an ESQL expression, in node 'File Output'. An incorrect ESQL expression was supplied. An ESQL path element was expected. <<1734565325757
BIP9333W<<Application 'DataBaseInput' has been changed but contains errors which has prevented some resources from starting. <<1734565325757
BIP1096E<<The source 'DataBaseInputproject.generated.bar' has been deployed but there were one or more failures which may mean the deployed resources will be unable to execute. <<1734565325757
DataBaseInput>>broker1>>server1>>SUCCESS>>1734565358513
BIP9332I<<Application 'DataBaseInput' has been changed successfully. <<1734565358513
BIP9326I<<The source 'DataBaseInputproject.generated.bar' has been successfully deployed. <<1734565358513
Two_DSN>>broker1>>server1>>SUCCESS>>1734627871307
BIP9332I<<Application 'Two_DSN' has been created successfully. <<1734627871307
BIP9326I<<The source 'Two_DSNproject.generated.bar' has been successfully deployed. <<1734627871307
Two_DSN>>broker1>>server1>>SUCCESS>>1734627906397
BIP9332I<<Application 'Two_DSN' has been changed successfully. <<1734627906397
BIP9326I<<The source 'Two_DSNproject.generated.bar' has been successfully deployed. <<1734627906397
DataBaseInput>>broker1>>server1>>SUCCESS>>1734640560605
BIP9332I<<Application 'DataBaseInput' has been created successfully. <<1734640560605
BIP9326I<<The source 'DataBaseInputproject.generated.bar' has been successfully deployed. <<1734640560605
DataBaseInput>>broker1>>server1>>SUCCESS>>1734640987896
BIP9332I<<Application 'DataBaseInput' has been changed successfully. <<1734640987896
BIP9326I<<The source 'DataBaseInputproject.generated.bar' has been successfully deployed. <<1734640987896
Fetch_JCN>>broker1>>server1>>SUCCESS>>1734643993889
BIP9332I<<PolicyProject 'Fetch_JCN' has been created successfully. <<1734643993889
BIP9326I<<The source 'Fetch_JCNproject.generated.bar' has been successfully deployed. <<1734643993889
Fetch_data_By_Java_CN>>broker1>>server1>>SUCCESS>>1734644761393
BIP9332I<<Application 'Fetch_data_By_Java_CN' has been created successfully. <<1734644761393
BIP9326I<<The source 'Fetch_data_By_Java_CNproject.generated.bar' has been successfully deployed. <<1734644761393
Fetch_JCN>>broker1>>server1>>SUCCESS>>1734646147590
BIP9339W<<The values defined in the policy(s) 'Fetch_JCN_Policy' in policy project 'Fetch_JCN' match the values of the existing policy(s). Any deployed resources using the policy(s) will not be affected by the redeploy of the policy project. <<1734646147590
BIP9326I<<The source 'Fetch_JCNproject.generated.bar' has been successfully deployed. <<1734646147590
Fetch_data_By_Java_CN>>broker1>>server1>>SUCCESS>>1734646163691
BIP9332I<<Application 'Fetch_data_By_Java_CN' has been changed successfully. <<1734646163691
BIP9326I<<The source 'Fetch_data_By_Java_CNproject.generated.bar' has been successfully deployed. <<1734646163691
Fetch_data_By_Java_CN>>broker1>>server1>>SUCCESS>>1734646228631
BIP9332I<<Application 'Fetch_data_By_Java_CN' has been changed successfully. <<1734646228631
BIP9326I<<The source 'Fetch_data_By_Java_CNproject.generated.bar' has been successfully deployed. <<1734646228631
Fetch_JCN>>broker1>>server1>>SUCCESS>>1734650024245
BIP9332I<<PolicyProject 'Fetch_JCN' has been created successfully. <<1734650024245
BIP9326I<<The source 'Fetch_JCNproject.generated.bar' has been successfully deployed. <<1734650024245
Fetch_data_By_Java_CN>>broker1>>server1>>SUCCESS>>1734650032957
BIP9332I<<Application 'Fetch_data_By_Java_CN' has been created successfully. <<1734650032957
BIP9326I<<The source 'Fetch_data_By_Java_CNproject.generated.bar' has been successfully deployed. <<1734650032957
jdbc>>broker1>>server1>>SUCCESS>>1734650546977
BIP9332I<<PolicyProject 'jdbc' has been created successfully. <<1734650546977
BIP9326I<<The source 'jdbcproject.generated.bar' has been successfully deployed. <<1734650546977
Fetch_data_By_Java_CN>>broker1>>server1>>SUCCESS>>1734650554428
BIP9332I<<Application 'Fetch_data_By_Java_CN' has been created successfully. <<1734650554428
BIP9326I<<The source 'Fetch_data_By_Java_CNproject.generated.bar' has been successfully deployed. <<1734650554428
User_Define_Policy>>p>>s1>>SUCCESS>>1736314251582
BIP9332I<<Application 'User_Define_Policy' has been created successfully. <<1736314251582
BIP9326I<<The source 'User_Define_Policyproject.generated.bar' has been successfully deployed. <<1736314251582
User_Define_Policy>>p>>s1>>SUCCESS>>1736314449598
BIP9332I<<Application 'User_Define_Policy' has been changed successfully. <<1736314449598
BIP9326I<<The source 'User_Define_Policyproject.generated.bar' has been successfully deployed. <<1736314449598
User_Define_Policy>>p>>s1>>SUCCESS>>1736314524735
BIP9332I<<Application 'User_Define_Policy' has been changed successfully. <<1736314524735
BIP9326I<<The source 'User_Define_Policyproject.generated.bar' has been successfully deployed. <<1736314524735
User_Define_Policy>>p>>s1>>WARNING>>1736321361587
BIP9318E<<Request to 'PreSetupValidate' resource 'User_Define_Policy', 'User_Define_Policy' of type 'Application' failed. <<1736321361587
BIP3202E<<(.getPolicyProperty, 1.1) : An error occurred when trying to resolve the Java class or method 'MyPolicyAccessClass.getPolicyProperty' which is referred to by the routine 'getPolicyProperty'. <<1736321361587
BIP2943E<<The Java Method 'MyPolicyAccessClass.getPolicyProperty' could not be found as its containing class could not be found in the deployed bar file or in the 'workpath/shared-classes/' directory. <<1736321361587
BIP9333W<<Application 'User_Define_Policy' has been changed but contains errors which has prevented some resources from starting. <<1736321361587
BIP1096E<<The source 'User_Define_Policyproject.generated.bar' has been deployed but there were one or more failures which may mean the deployed resources will be unable to execute. <<1736321361587
USDProject>>p>>s1>>SUCCESS>>1736321410705
BIP9332I<<PolicyProject 'USDProject' has been created successfully. <<1736321410705
BIP9326I<<The source 'USDProjectproject.generated.bar' has been successfully deployed. <<1736321410705
User_Define_Policy>>p>>s1>>WARNING>>1736321416952
BIP9318E<<Request to 'PreSetupValidate' resource 'User_Define_Policy', 'User_Define_Policy' of type 'Application' failed. <<1736321416952
BIP3202E<<(.getPolicyProperty, 1.1) : An error occurred when trying to resolve the Java class or method 'MyPolicyAccessClass.getPolicyProperty' which is referred to by the routine 'getPolicyProperty'. <<1736321416952
BIP2943E<<The Java Method 'MyPolicyAccessClass.getPolicyProperty' could not be found as its containing class could not be found in the deployed bar file or in the 'workpath/shared-classes/' directory. <<1736321416952
BIP9333W<<Application 'User_Define_Policy' has been created but contains errors which has prevented some resources from starting. <<1736321416952
BIP1096E<<The source 'User_Define_Policyproject.generated.bar' has been deployed but there were one or more failures which may mean the deployed resources will be unable to execute. <<1736321416952
User_Define_Policy>>p>>s1>>WARNING>>1736321470148
BIP9318E<<Request to 'PreSetupValidate' resource 'User_Define_Policy', 'User_Define_Policy' of type 'Application' failed. <<1736321470148
BIP3202E<<(.getPolicyProperty, 1.1) : An error occurred when trying to resolve the Java class or method 'MyPolicyAccessClass.mypolicyaccessclass' which is referred to by the routine 'getPolicyProperty'. <<1736321470148
BIP2943E<<The Java Method 'MyPolicyAccessClass.mypolicyaccessclass' could not be found as its containing class could not be found in the deployed bar file or in the 'workpath/shared-classes/' directory. <<1736321470148
BIP9333W<<Application 'User_Define_Policy' has been changed but contains errors which has prevented some resources from starting. <<1736321470148
BIP1096E<<The source 'User_Define_Policyproject.generated.bar' has been deployed but there were one or more failures which may mean the deployed resources will be unable to execute. <<1736321470148
User_Define_Policy>>p>>s1>>WARNING>>1736326572889
BIP9318E<<Request to 'PreSetupValidate' resource 'User_Define_Policy', 'User_Define_Policy' of type 'Application' failed. <<1736326572889
BIP3202E<<(.getPolicyProperty, 1.1) : An error occurred when trying to resolve the Java class or method 'MyPolicyAccessClass.mypolicyaccessclass' which is referred to by the routine 'getPolicyProperty'. <<1736326572889
BIP2943E<<The Java Method 'MyPolicyAccessClass.mypolicyaccessclass' could not be found as its containing class could not be found in the deployed bar file or in the 'workpath/shared-classes/' directory. <<1736326572889
BIP9333W<<Application 'User_Define_Policy' has been created but contains errors which has prevented some resources from starting. <<1736326572889
BIP1096E<<The source 'User_Define_Policyproject.generated.bar' has been deployed but there were one or more failures which may mean the deployed resources will be unable to execute. <<1736326572889
USDProject>>p>>s1>>SUCCESS>>1736326836314
BIP9332I<<PolicyProject 'USDProject' has been created successfully. <<1736326836314
BIP9326I<<The source 'USDProjectproject.generated.bar' has been successfully deployed. <<1736326836314
User_Define_Policy>>p>>s1>>WARNING>>1736326842951
BIP9318E<<Request to 'PreSetupValidate' resource 'User_Define_Policy', 'User_Define_Policy' of type 'Application' failed. <<1736326842951
BIP3202E<<(.getPolicyProperty, 1.1) : An error occurred when trying to resolve the Java class or method 'MyPolicyAccessClass.getPolicyProperty' which is referred to by the routine 'getPolicyProperty'. <<1736326842951
BIP2943E<<The Java Method 'MyPolicyAccessClass.getPolicyProperty' could not be found as its containing class could not be found in the deployed bar file or in the 'workpath/shared-classes/' directory. <<1736326842951
BIP9333W<<Application 'User_Define_Policy' has been created but contains errors which has prevented some resources from starting. <<1736326842951
BIP1096E<<The source 'User_Define_Policyproject.generated.bar' has been deployed but there were one or more failures which may mean the deployed resources will be unable to execute. <<1736326842951
User_Define_Policy>>p>>s1>>WARNING>>1736327197954
BIP9318E<<Request to 'PreSetupValidate' resource 'User_Define_Policy', 'User_Define_Policy' of type 'Application' failed. <<1736327197954
BIP3202E<<(.getPolicyProperty, 1.1) : An error occurred when trying to resolve the Java class or method 'MyPolicyAccessClass.getPolicyProperty' which is referred to by the routine 'getPolicyProperty'. <<1736327197954
BIP2943E<<The Java Method 'MyPolicyAccessClass.getPolicyProperty' could not be found as its containing class could not be found in the deployed bar file or in the 'workpath/shared-classes/' directory. <<1736327197954
BIP9333W<<Application 'User_Define_Policy' has been changed but contains errors which has prevented some resources from starting. <<1736327197954
BIP1096E<<The source 'User_Define_Policyproject.generated.bar' has been deployed but there were one or more failures which may mean the deployed resources will be unable to execute. <<1736327197954
User_Define_Policy>>p>>s1>>WARNING>>1736327604865
BIP9318E<<Request to 'PreSetupValidate' resource 'User_Define_Policy', 'User_Define_Policy' of type 'Application' failed. <<1736327604865
BIP3202E<<(.getPolicyProperty, 1.1) : An error occurred when trying to resolve the Java class or method 'MyPolicyAccessClass.getPolicyProperty' which is referred to by the routine 'getPolicyProperty'. <<1736327604865
BIP2943E<<The Java Method 'MyPolicyAccessClass.getPolicyProperty' could not be found as its containing class could not be found in the deployed bar file or in the 'workpath/shared-classes/' directory. <<1736327604865
BIP9333W<<Application 'User_Define_Policy' has been created but contains errors which has prevented some resources from starting. <<1736327604865
BIP1096E<<The source 'User_Define_Policyproject.generated.bar' has been deployed but there were one or more failures which may mean the deployed resources will be unable to execute. <<1736327604865
User_DP>>test>>testserver>>WARNING>>1736329215124
BIP9318E<<Request to 'PreSetupValidate' resource 'User_DP', 'User_DP' of type 'Application' failed. <<1736329215124
BIP3202E<<(.getPolicyProperty, 1.1) : An error occurred when trying to resolve the Java class or method 'Java_Class.getPolicyProperty' which is referred to by the routine 'getPolicyProperty'. <<1736329215124
BIP2943E<<The Java Method 'Java_Class.getPolicyProperty' could not be found as its containing class could not be found in the deployed bar file or in the 'workpath/shared-classes/' directory. <<1736329215124
BIP9333W<<Application 'User_DP' has been created but contains errors which has prevented some resources from starting. <<1736329215124
BIP1096E<<The source 'User_DPproject.generated.bar' has been deployed but there were one or more failures which may mean the deployed resources will be unable to execute. <<1736329215124
User_DP>>test>>testserver>>WARNING>>1736329642776
BIP9318E<<Request to 'PreSetupValidate' resource 'User_DP', 'User_DP' of type 'Application' failed. <<1736329642776
BIP3202E<<(.getPolicyProperty, 1.1) : An error occurred when trying to resolve the Java class or method 'Java_Class.getPolicyProperty' which is referred to by the routine 'getPolicyProperty'. <<1736329642776
BIP2943E<<The Java Method 'Java_Class.getPolicyProperty' could not be found as its containing class could not be found in the deployed bar file or in the 'workpath/shared-classes/' directory. <<1736329642776
BIP9333W<<Application 'User_DP' has been changed but contains errors which has prevented some resources from starting. <<1736329642776
BIP1096E<<The source 'User_DPproject.generated.bar' has been deployed but there were one or more failures which may mean the deployed resources will be unable to execute. <<1736329642776
User_DP>>test>>testserver>>SUCCESS>>1736329727255
BIP9332I<<Application 'User_DP' has been changed successfully. <<1736329727255
BIP9326I<<The source 'User_DPproject.generated.bar' has been successfully deployed. <<1736329727255
User_DP>>test>>testserver>>SUCCESS>>1736332534405
BIP9332I<<Application 'User_DP' has been created successfully. <<1736332534405
BIP9326I<<The source 'User_DPproject.generated.bar' has been successfully deployed. <<1736332534405
User_DP>>p>>s1>>SUCCESS>>1736332769663
BIP9332I<<Application 'User_DP' has been created successfully. <<1736332769663
BIP9326I<<The source 'User_DPproject.generated.bar' has been successfully deployed. <<1736332769663
User_DP>>p>>s1>>SUCCESS>>1736332818010
BIP9332I<<Application 'User_DP' has been changed successfully. <<1736332818010
BIP9326I<<The source 'User_DPproject.generated.bar' has been successfully deployed. <<1736332818010
User_DP>>p>>s1>>SUCCESS>>1736334151858
BIP9332I<<Application 'User_DP' has been created successfully. <<1736334151858
BIP9326I<<The source 'User_DPproject.generated.bar' has been successfully deployed. <<1736334151858
User_DP>>p>>s1>>SUCCESS>>1736334248000
BIP9332I<<Application 'User_DP' has been changed successfully. <<1736334248000
BIP9326I<<The source 'User_DPproject.generated.bar' has been successfully deployed. <<1736334248000
User_DP>>p>>s1>>SUCCESS>>1736338992518
BIP9332I<<Application 'User_DP' has been created successfully. <<1736338992518
BIP9326I<<The source 'User_DPproject.generated.bar' has been successfully deployed. <<1736338992518
1gbFile>>b1>>s1>>SUCCESS>>1736414907407
BIP9332I<<Application '1gbFile' has been created successfully. <<1736414907407
BIP9326I<<The source '1gbFileproject.generated.bar' has been successfully deployed. <<1736414907407
Remote_Callablea>>remote>>rs1>>SUCCESS>>1736487299276
BIP9332I<<Application 'Remote_Callablea' has been created successfully. <<1736487299276
BIP9326I<<The source 'Remote_Callableaproject.generated.bar' has been successfully deployed. <<1736487299276
Remote_Callablea>>remote>>rs1>>SUCCESS>>1736488549928
BIP9332I<<Application 'Remote_Callablea' has been created successfully. <<1736488549928
BIP9326I<<The source 'Remote_Callableaproject.generated.bar' has been successfully deployed. <<1736488549928
Remote_Callablea>>rakesh>>RakeshVdhya>>SUCCESS>>1736504659823
BIP9332I<<Application 'Remote_Callablea' has been created successfully. <<1736504659823
BIP9326I<<The source 'Remote_Callableaproject.generated.bar' has been successfully deployed. <<1736504659823
Remote_Callablea>>rakesh>>RakeshVdhya>>SUCCESS>>1736504815450
BIP9332I<<Application 'Remote_Callablea' has been changed successfully. <<1736504815450
BIP9326I<<The source 'Remote_Callableaproject.generated.bar' has been successfully deployed. <<1736504815450
XMLNSC_Parser_Option>>b1>>s1>>SUCCESS>>1737363495860
BIP9332I<<Application 'XMLNSC_Parser_Option' has been created successfully. <<1737363495860
BIP9326I<<The source 'XMLNSC_Parser_Optionproject.generated.bar' has been successfully deployed. <<1737363495860
XMLNSC_Parser_Option>>b1>>s1>>SUCCESS>>1737363596188
BIP9332I<<Application 'XMLNSC_Parser_Option' has been changed successfully. <<1737363596188
BIP9326I<<The source 'XMLNSC_Parser_Optionproject.generated.bar' has been successfully deployed. <<1737363596188
XMLNSC_Parser_Option>>b1>>s1>>SUCCESS>>1737363642058
BIP9332I<<Application 'XMLNSC_Parser_Option' has been changed successfully. <<1737363642058
BIP9326I<<The source 'XMLNSC_Parser_Optionproject.generated.bar' has been successfully deployed. <<1737363642058
XMLNSC_Parser_Option>>b1>>s1>>SUCCESS>>1737363784577
BIP9332I<<Application 'XMLNSC_Parser_Option' has been changed successfully. <<1737363784577
BIP9326I<<The source 'XMLNSC_Parser_Optionproject.generated.bar' has been successfully deployed. <<1737363784577
XMLNSC_Parser_Option>>b1>>s1>>SUCCESS>>1737363817726
BIP9332I<<Application 'XMLNSC_Parser_Option' has been changed successfully. <<1737363817726
BIP9326I<<The source 'XMLNSC_Parser_Optionproject.generated.bar' has been successfully deployed. <<1737363817726
XMLNSC_Parser_Option>>b1>>s1>>SUCCESS>>1737364076776
BIP9332I<<Application 'XMLNSC_Parser_Option' has been changed successfully. <<1737364076776
BIP9326I<<The source 'XMLNSC_Parser_Optionproject.generated.bar' has been successfully deployed. <<1737364076776
XMLNSC_Parser_Option>>b1>>s1>>SUCCESS>>1737364135122
BIP9332I<<Application 'XMLNSC_Parser_Option' has been changed successfully. <<1737364135122
BIP9326I<<The source 'XMLNSC_Parser_Optionproject.generated.bar' has been successfully deployed. <<1737364135122
PROJECT_1_CALL_API_BY_ID_ROUTER_FLOW>>b1>>s1>>SUCCESS>>1737370197078
BIP9332I<<Application 'PROJECT_1_CALL_API_BY_ID_ROUTER_FLOW' has been created successfully. <<1737370197078
BIP9326I<<The source 'PROJECT_1_CALL_API_BY_ID_ROUTER_FLOWproject.generated.bar' has been successfully deployed. <<1737370197078
PROJECT_1_CREATE_ACCOUNT_BUS_FLOW_3>>b1>>s1>>SUCCESS>>1737370202997
BIP9332I<<Application 'PROJECT_1_CREATE_ACCOUNT_BUS_FLOW_3' has been created successfully. <<1737370202997
BIP9326I<<The source 'PROJECT_1_CREATE_ACCOUNT_BUS_FLOW_3project.generated.bar' has been successfully deployed. <<1737370202997
PROJECT_1_CUS_DETAIL_BUS_FLOW>>b1>>s1>>SUCCESS>>1737370210208
BIP9332I<<Application 'PROJECT_1_CUS_DETAIL_BUS_FLOW' has been created successfully. <<1737370210208
BIP9326I<<The source 'PROJECT_1_CUS_DETAIL_BUS_FLOWproject.generated.bar' has been successfully deployed. <<1737370210208
PROJECT_1_LOAN_DETAILS_BUS_FLOW_2>>b1>>s1>>SUCCESS>>1737370216920
BIP9332I<<Application 'PROJECT_1_LOAN_DETAILS_BUS_FLOW_2' has been created successfully. <<1737370216920
BIP9326I<<The source 'PROJECT_1_LOAN_DETAILS_BUS_FLOW_2project.generated.bar' has been successfully deployed. <<1737370216920
PROJECT_1_CUS_DETAIL_BUS_FLOW>>b1>>s1>>SUCCESS>>1737370570892
BIP9332I<<Application 'PROJECT_1_CUS_DETAIL_BUS_FLOW' has been changed successfully. <<1737370570892
BIP9326I<<The source 'PROJECT_1_CUS_DETAIL_BUS_FLOWproject.generated.bar' has been successfully deployed. <<1737370570892
PROJECT_1_CUS_DETAIL_BUS_FLOW>>Demo>>server2>>SUCCESS>>1737371241720
BIP9332I<<Application 'PROJECT_1_CUS_DETAIL_BUS_FLOW' has been created successfully. <<1737371241720
BIP9326I<<The source 'PROJECT_1_CUS_DETAIL_BUS_FLOWproject.generated.bar' has been successfully deployed. <<1737371241720
PROJECT_1_LOAN_DETAILS_BUS_FLOW_2>>Demo2>>Server3>>SUCCESS>>1737371255311
BIP9332I<<Application 'PROJECT_1_LOAN_DETAILS_BUS_FLOW_2' has been created successfully. <<1737371255311
BIP9326I<<The source 'PROJECT_1_LOAN_DETAILS_BUS_FLOW_2project.generated.bar' has been successfully deployed. <<1737371255311
PROJECT_1_CREATE_ACCOUNT_BUS_FLOW_3>>Demo2>>Server3>>SUCCESS>>1737371281990
BIP9332I<<Application 'PROJECT_1_CREATE_ACCOUNT_BUS_FLOW_3' has been created successfully. <<1737371281990
BIP9326I<<The source 'PROJECT_1_CREATE_ACCOUNT_BUS_FLOW_3project.generated.bar' has been successfully deployed. <<1737371281990
PROJECT_1_CUS_DETAIL_BUS_FLOW>>Demo>>server2>>SUCCESS>>1737375243499
BIP9332I<<Application 'PROJECT_1_CUS_DETAIL_BUS_FLOW' has been created successfully. <<1737375243499
BIP9326I<<The source 'PROJECT_1_CUS_DETAIL_BUS_FLOWproject.generated.bar' has been successfully deployed. <<1737375243499
PROJECT_1_LOAN_DETAILS_BUS_FLOW_2>>Demo2>>Server3>>SUCCESS>>1737375250697
BIP9332I<<Application 'PROJECT_1_LOAN_DETAILS_BUS_FLOW_2' has been created successfully. <<1737375250697
BIP9326I<<The source 'PROJECT_1_LOAN_DETAILS_BUS_FLOW_2project.generated.bar' has been successfully deployed. <<1737375250697
PROJECT_1_CREATE_ACCOUNT_BUS_FLOW_3>>Demo2>>Server3>>SUCCESS>>1737375257676
BIP9332I<<Application 'PROJECT_1_CREATE_ACCOUNT_BUS_FLOW_3' has been created successfully. <<1737375257676
BIP9326I<<The source 'PROJECT_1_CREATE_ACCOUNT_BUS_FLOW_3project.generated.bar' has been successfully deployed. <<1737375257676
PROJECT_1_CUS_DETAIL_BUS_FLOW>>Demo>>server2>>SUCCESS>>1737375565492
BIP9332I<<Application 'PROJECT_1_CUS_DETAIL_BUS_FLOW' has been changed successfully. <<1737375565492
BIP9326I<<The source 'PROJECT_1_CUS_DETAIL_BUS_FLOWproject.generated.bar' has been successfully deployed. <<1737375565492
PROJECT_1_CUS_DETAIL_BUS_FLOW>>Demo>>server2>>SUCCESS>>1737375792744
BIP9332I<<Application 'PROJECT_1_CUS_DETAIL_BUS_FLOW' has been changed successfully. <<1737375792744
BIP9326I<<The source 'PROJECT_1_CUS_DETAIL_BUS_FLOWproject.generated.bar' has been successfully deployed. <<1737375792744
PROJECT_1_CUS_DETAIL_BUS_FLOW>>Demo>>server2>>SUCCESS>>1737376069116
BIP9332I<<Application 'PROJECT_1_CUS_DETAIL_BUS_FLOW' has been changed successfully. <<1737376069116
BIP9326I<<The source 'PROJECT_1_CUS_DETAIL_BUS_FLOWproject.generated.bar' has been successfully deployed. <<1737376069116
PROJECT_1_CUS_DETAIL_BUS_FLOW>>Demo>>server2>>SUCCESS>>1737376310597
BIP9332I<<Application 'PROJECT_1_CUS_DETAIL_BUS_FLOW' has been changed successfully. <<1737376310597
BIP9326I<<The source 'PROJECT_1_CUS_DETAIL_BUS_FLOWproject.generated.bar' has been successfully deployed. <<1737376310597
PROJECT_1_CREATE_ACCOUNT_BUS_FLOW_3>>b1>>s1>>SUCCESS>>1737376494502
BIP9332I<<Application 'PROJECT_1_CREATE_ACCOUNT_BUS_FLOW_3' has been created successfully. <<1737376494502
BIP9326I<<The source 'PROJECT_1_CREATE_ACCOUNT_BUS_FLOW_3project.generated.bar' has been successfully deployed. <<1737376494502
PROJECT_1_CUS_DETAIL_BUS_FLOW>>Demo>>server2>>SUCCESS>>1737376612802
BIP9332I<<Application 'PROJECT_1_CUS_DETAIL_BUS_FLOW' has been changed successfully. <<1737376612802
BIP9326I<<The source 'PROJECT_1_CUS_DETAIL_BUS_FLOWproject.generated.bar' has been successfully deployed. <<1737376612802
PROJECT_1_CUS_DETAIL_BUS_FLOW>>Demo>>server2>>SUCCESS>>1737376777514
BIP9332I<<Application 'PROJECT_1_CUS_DETAIL_BUS_FLOW' has been changed successfully. <<1737376777514
BIP9326I<<The source 'PROJECT_1_CUS_DETAIL_BUS_FLOWproject.generated.bar' has been successfully deployed. <<1737376777514
PROJECT_1_CUS_DETAIL_BUS_FLOW>>Demo>>server2>>SUCCESS>>1737377067324
BIP9332I<<Application 'PROJECT_1_CUS_DETAIL_BUS_FLOW' has been changed successfully. <<1737377067324
BIP9326I<<The source 'PROJECT_1_CUS_DETAIL_BUS_FLOWproject.generated.bar' has been successfully deployed. <<1737377067324
PROJECT_1_CUS_DETAIL_BUS_FLOW>>Demo>>server2>>SUCCESS>>1737377314115
BIP9332I<<Application 'PROJECT_1_CUS_DETAIL_BUS_FLOW' has been changed successfully. <<1737377314115
BIP9326I<<The source 'PROJECT_1_CUS_DETAIL_BUS_FLOWproject.generated.bar' has been successfully deployed. <<1737377314115
PROJECT_1_CUS_DETAIL_BUS_FLOW>>Demo>>server2>>SUCCESS>>1737377389820
BIP9332I<<Application 'PROJECT_1_CUS_DETAIL_BUS_FLOW' has been changed successfully. <<1737377389820
BIP9326I<<The source 'PROJECT_1_CUS_DETAIL_BUS_FLOWproject.generated.bar' has been successfully deployed. <<1737377389820
PROJECT_1_CREATE_ACCOUNT_BUS_FLOW_3>>b1>>s1>>SUCCESS>>1737377491950
BIP9332I<<Application 'PROJECT_1_CREATE_ACCOUNT_BUS_FLOW_3' has been changed successfully. <<1737377491950
BIP9326I<<The source 'PROJECT_1_CREATE_ACCOUNT_BUS_FLOW_3project.generated.bar' has been successfully deployed. <<1737377491950
PROJECT_1_CREATE_ACCOUNT_BUS_FLOW_3>>b1>>s1>>SUCCESS>>1737377905848
BIP9332I<<Application 'PROJECT_1_CREATE_ACCOUNT_BUS_FLOW_3' has been changed successfully. <<1737377905848
BIP9326I<<The source 'PROJECT_1_CREATE_ACCOUNT_BUS_FLOW_3project.generated.bar' has been successfully deployed. <<1737377905848
PROJECT_1_CREATE_ACCOUNT_BUS_FLOW_3>>b1>>s1>>SUCCESS>>1737378456981
BIP9332I<<Application 'PROJECT_1_CREATE_ACCOUNT_BUS_FLOW_3' has been changed successfully. <<1737378456981
BIP9326I<<The source 'PROJECT_1_CREATE_ACCOUNT_BUS_FLOW_3project.generated.bar' has been successfully deployed. <<1737378456981
PROJECT_1_CREATE_ACCOUNT_BUS_FLOW_3>>b1>>s1>>SUCCESS>>1737378876943
BIP9332I<<Application 'PROJECT_1_CREATE_ACCOUNT_BUS_FLOW_3' has been changed successfully. <<1737378876943
BIP9326I<<The source 'PROJECT_1_CREATE_ACCOUNT_BUS_FLOW_3project.generated.bar' has been successfully deployed. <<1737378876943
PROJECT_1_CREATE_ACCOUNT_BUS_FLOW_3>>b1>>s1>>SUCCESS>>1737378986225
BIP9332I<<Application 'PROJECT_1_CREATE_ACCOUNT_BUS_FLOW_3' has been changed successfully. <<1737378986225
BIP9326I<<The source 'PROJECT_1_CREATE_ACCOUNT_BUS_FLOW_3project.generated.bar' has been successfully deployed. <<1737378986225
PROJECT_1_CALL_API_BY_ID_ROUTER_FLOW>>b1>>s1>>SUCCESS>>1737379007188
BIP9332I<<Application 'PROJECT_1_CALL_API_BY_ID_ROUTER_FLOW' has been changed successfully. <<1737379007188
BIP9326I<<The source 'PROJECT_1_CALL_API_BY_ID_ROUTER_FLOWproject.generated.bar' has been successfully deployed. <<1737379007188
PROJECT_1_CALL_API_BY_ID_ROUTER_FLOW>>b1>>s1>>SUCCESS>>1737379045690
BIP9332I<<Application 'PROJECT_1_CALL_API_BY_ID_ROUTER_FLOW' has been changed successfully. <<1737379045690
BIP9326I<<The source 'PROJECT_1_CALL_API_BY_ID_ROUTER_FLOWproject.generated.bar' has been successfully deployed. <<1737379045690
PROJECT_1_CREATE_ACCOUNT_BUS_FLOW_3>>Demo2>>Server3>>SUCCESS>>1737379976278
BIP9332I<<Application 'PROJECT_1_CREATE_ACCOUNT_BUS_FLOW_3' has been changed successfully. <<1737379976278
BIP9326I<<The source 'PROJECT_1_CREATE_ACCOUNT_BUS_FLOW_3project.generated.bar' has been successfully deployed. <<1737379976278
PROJECT_1_CALL_API_BY_ID_ROUTER_FLOW>>b1>>s1>>SUCCESS>>1737436353911
BIP9332I<<Application 'PROJECT_1_CALL_API_BY_ID_ROUTER_FLOW' has been created successfully. <<1737436353911
BIP9326I<<The source 'PROJECT_1_CALL_API_BY_ID_ROUTER_FLOWproject.generated.bar' has been successfully deployed. <<1737436353911
PROJECT_1_CREATE_ACCOUNT_BUS_FLOW_3>>Demo2>>Server3>>SUCCESS>>1737436367978
BIP9332I<<Application 'PROJECT_1_CREATE_ACCOUNT_BUS_FLOW_3' has been created successfully. <<1737436367978
BIP9326I<<The source 'PROJECT_1_CREATE_ACCOUNT_BUS_FLOW_3project.generated.bar' has been successfully deployed. <<1737436367978
PROJECT_1_CALL_API_BY_ID_ROUTER_FLOW>>broker>>server>>SUCCESS>>1737439143011
BIP9332I<<Application 'PROJECT_1_CALL_API_BY_ID_ROUTER_FLOW' has been created successfully. <<1737439143011
BIP9326I<<The source 'PROJECT_1_CALL_API_BY_ID_ROUTER_FLOWproject.generated.bar' has been successfully deployed. <<1737439143011
PROJECT_1_CREATE_ACCOUNT_BUS_FLOW_3>>broker1>>server1>>SUCCESS>>1737439156762
BIP9332I<<Application 'PROJECT_1_CREATE_ACCOUNT_BUS_FLOW_3' has been created successfully. <<1737439156762
BIP9326I<<The source 'PROJECT_1_CREATE_ACCOUNT_BUS_FLOW_3project.generated.bar' has been successfully deployed. <<1737439156762
PROJECT_1_CREATE_ACCOUNT_BUS_FLOW_3>>broker1>>server1>>SUCCESS>>1737439811134
BIP9332I<<Application 'PROJECT_1_CREATE_ACCOUNT_BUS_FLOW_3' has been changed successfully. <<1737439811134
BIP9326I<<The source 'PROJECT_1_CREATE_ACCOUNT_BUS_FLOW_3project.generated.bar' has been successfully deployed. <<1737439811134
PROJECT_1_CREATE_ACCOUNT_BUS_FLOW_3>>broker1>>server1>>SUCCESS>>1737439961354
BIP9332I<<Application 'PROJECT_1_CREATE_ACCOUNT_BUS_FLOW_3' has been changed successfully. <<1737439961354
BIP9326I<<The source 'PROJECT_1_CREATE_ACCOUNT_BUS_FLOW_3project.generated.bar' has been successfully deployed. <<1737439961354
PROJECT_1_CREATE_ACCOUNT_BUS_FLOW_3>>broker1>>server1>>SUCCESS>>1737440153737
BIP9332I<<Application 'PROJECT_1_CREATE_ACCOUNT_BUS_FLOW_3' has been changed successfully. <<1737440153737
BIP9326I<<The source 'PROJECT_1_CREATE_ACCOUNT_BUS_FLOW_3project.generated.bar' has been successfully deployed. <<1737440153737
PROJECT_1_CREATE_ACCOUNT_BUS_FLOW_3>>broker>>server>>SUCCESS>>1737440244896
BIP9332I<<Application 'PROJECT_1_CREATE_ACCOUNT_BUS_FLOW_3' has been created successfully. <<1737440244896
BIP9326I<<The source 'PROJECT_1_CREATE_ACCOUNT_BUS_FLOW_3project.generated.bar' has been successfully deployed. <<1737440244896
PROJECT_1_CALL_API_BY_ID_ROUTER_FLOW>>broker>>server>>SUCCESS>>1737440452949
BIP9332I<<Application 'PROJECT_1_CALL_API_BY_ID_ROUTER_FLOW' has been created successfully. <<1737440452949
BIP9326I<<The source 'PROJECT_1_CALL_API_BY_ID_ROUTER_FLOWproject.generated.bar' has been successfully deployed. <<1737440452949
PROJECT_1_CREATE_ACCOUNT_BUS_FLOW_3>>broker1>>server1>>SUCCESS>>1737440458869
BIP9332I<<Application 'PROJECT_1_CREATE_ACCOUNT_BUS_FLOW_3' has been created successfully. <<1737440458869
BIP9326I<<The source 'PROJECT_1_CREATE_ACCOUNT_BUS_FLOW_3project.generated.bar' has been successfully deployed. <<1737440458869
PROJECT_1_CALL_API_BY_ID_ROUTER_FLOW>>broker>>server>>SUCCESS>>1737441269455
BIP9332I<<Application 'PROJECT_1_CALL_API_BY_ID_ROUTER_FLOW' has been changed successfully. <<1737441269455
BIP9326I<<The source 'PROJECT_1_CALL_API_BY_ID_ROUTER_FLOWproject.generated.bar' has been successfully deployed. <<1737441269455
PROJECT_1_CALL_API_BY_ID_ROUTER_FLOW>>broker>>server>>SUCCESS>>1737441550469
BIP9332I<<Application 'PROJECT_1_CALL_API_BY_ID_ROUTER_FLOW' has been changed successfully. <<1737441550469
BIP9326I<<The source 'PROJECT_1_CALL_API_BY_ID_ROUTER_FLOWproject.generated.bar' has been successfully deployed. <<1737441550469
PROJECT_1_CREATE_ACCOUNT_BUS_FLOW_3>>broker1>>server1>>SUCCESS>>1737441561030
BIP9332I<<Application 'PROJECT_1_CREATE_ACCOUNT_BUS_FLOW_3' has been changed successfully. <<1737441561030
BIP9326I<<The source 'PROJECT_1_CREATE_ACCOUNT_BUS_FLOW_3project.generated.bar' has been successfully deployed. <<1737441561030
